#
# There is insufficient memory for the Java Runtime Environment to continue.
# Native memory allocation (malloc) failed to allocate 939296 bytes for Chunk::new
# Possible reasons:
#   The system is out of physical RAM or swap space
#   The process is running with CompressedOops enabled, and the Java Heap may be blocking the growth of the native heap
# Possible solutions:
#   Reduce memory load on the system
#   Increase physical memory or swap space
#   Check if swap backing store is full
#   Decrease Java heap size (-Xmx/-Xms)
#   Decrease number of Java threads
#   Decrease Java thread stack sizes (-Xss)
#   Set larger code cache with -XX:ReservedCodeCacheSize=
#   JVM is running with Unscaled Compressed Oops mode in which the Java heap is
#     placed in the first 4GB address space. The Java Heap base address is the
#     maximum limit for the native heap growth. Please use -XX:HeapBaseMinAddress
#     to set the Java Heap base and to place the Java Heap above 4GB virtual address.
# This output file may be truncated or incomplete.
#
#  Out of Memory Error (./src/hotspot/share/memory/arena.cpp:197), pid=2196, tid=3092
#
# JRE version: OpenJDK Runtime Environment (11.0.13) (build 11.0.13+0-b1751.21-8125866)
# Java VM: OpenJDK 64-Bit Server VM (11.0.13+0-b1751.21-8125866, mixed mode, tiered, compressed oops, g1 gc, windows-amd64)
# No core dump will be written. Minidumps are not enabled by default on client versions of Windows
#

---------------  S U M M A R Y ------------

Command Line: --add-opens=java.base/java.util=ALL-UNNAMED --add-opens=java.base/java.lang=ALL-UNNAMED --add-opens=java.base/java.lang.invoke=ALL-UNNAMED --add-opens=java.base/java.util=ALL-UNNAMED --add-opens=java.prefs/java.util.prefs=ALL-UNNAMED --add-opens=java.prefs/java.util.prefs=ALL-UNNAMED --add-opens=java.base/java.nio.charset=ALL-UNNAMED --add-opens=java.base/java.net=ALL-UNNAMED --add-opens=java.base/java.util.concurrent.atomic=ALL-UNNAMED -Xmx2048m -Dfile.encoding=UTF-8 -Duser.country=US -Duser.language=en -Duser.variant org.gradle.launcher.daemon.bootstrap.GradleDaemon 7.4

Host: AMD Athlon(tm) X4 760K Quad Core Processor     , 4 cores, 7G,  Windows 10 , 64 bit Build 19041 (10.0.19041.1889)
Time: Mon Oct 31 05:33:48 2022 Russia TZ 6 Standard Time elapsed time: 2012.257511 seconds (0d 0h 33m 32s)

---------------  T H R E A D  ---------------

Current thread (0x000002e2ff384800):  JavaThread "C2 CompilerThread1" daemon [_thread_in_native, id=3092, stack(0x000000f0c0d00000,0x000000f0c0e00000)]


Current CompileTask:
C2:2012258 12589       4       org.gradle.internal.service.DefaultServiceRegistry$ClassInspector$ClassDetails::collectTypes (63 bytes)

Stack: [0x000000f0c0d00000,0x000000f0c0e00000]
Native frames: (J=compiled Java code, j=interpreted, Vv=VM code, C=native code)
V  [jvm.dll+0x6100fa]
V  [jvm.dll+0x747090]
V  [jvm.dll+0x7486ad]
V  [jvm.dll+0x748d83]
V  [jvm.dll+0x24ab48]
V  [jvm.dll+0xc04dc]
V  [jvm.dll+0xc0a0c]
V  [jvm.dll+0x2bfab4]
V  [jvm.dll+0x524238]
V  [jvm.dll+0x20491a]
V  [jvm.dll+0x2023c2]
V  [jvm.dll+0x188e01]
V  [jvm.dll+0x21106b]
V  [jvm.dll+0x20f8c1]
V  [jvm.dll+0x70de0f]
V  [jvm.dll+0x706a75]
V  [jvm.dll+0x60ed66]
C  [ucrtbase.dll+0x21bb2]
C  [KERNEL32.DLL+0x17034]
C  [ntdll.dll+0x526a1]


---------------  P R O C E S S  ---------------

Threads class SMR info:
_java_thread_list=0x000002e28535f130, length=79, elements={
0x000002e2e646b800, 0x000002e2fe806000, 0x000002e2ff07b800, 0x000002e2ff08a000,
0x000002e2ff08c000, 0x000002e2ff08f000, 0x000002e2ff090800, 0x000002e2fe857800,
0x000002e2fe860800, 0x000002e2ff1dc000, 0x000002e283198000, 0x000002e2ff76b000,
0x000002e2ff76c800, 0x000002e283696800, 0x000002e283694000, 0x000002e283691000,
0x000002e28369a800, 0x000002e28369b800, 0x000002e28369d000, 0x000002e28369c000,
0x000002e28369e800, 0x000002e286741000, 0x000002e28673c000, 0x000002e282c02800,
0x000002e282c0f000, 0x000002e286742800, 0x000002e28673d000, 0x000002e28673d800,
0x000002e286743800, 0x000002e28673f000, 0x000002e286744000, 0x000002e286740000,
0x000002e28673e800, 0x000002e28674a000, 0x000002e286749000, 0x000002e286747800,
0x000002e286745000, 0x000002e28674a800, 0x000002e2ff384800, 0x000002e286745800,
0x000002e286746800, 0x000002e286748000, 0x000002e282c06000, 0x000002e282c03800,
0x000002e282c04800, 0x000002e282c09800, 0x000002e282c0b000, 0x000002e282c05000,
0x000002e282c0a000, 0x000002e282c08800, 0x000002e282c07000, 0x000002e282c0d800,
0x000002e282c0b800, 0x000002e282c0c800, 0x000002e282c07800, 0x000002e282c10000,
0x000002e282c11800, 0x000002e283695000, 0x000002e283695800, 0x000002e283697800,
0x000002e283691800, 0x000002e283698000, 0x000002e283692800, 0x000002e283693000,
0x000002e28369a000, 0x000002e28369e000, 0x000002e2ff76c000, 0x000002e2ff76a800,
0x000002e2873e5800, 0x000002e2873e4000, 0x000002e2873e7000, 0x000002e2873e6800,
0x000002e2873e8000, 0x000002e2873e4800, 0x000002e2873e2800, 0x000002e2873e9000,
0x000002e2873e3000, 0x000002e2873ef800, 0x000002e2873ee800
}

Java Threads: ( => current thread )
  0x000002e2e646b800 JavaThread "main" [_thread_blocked, id=2764, stack(0x000000f0be700000,0x000000f0be800000)]
  0x000002e2fe806000 JavaThread "Reference Handler" daemon [_thread_blocked, id=7520, stack(0x000000f0bee00000,0x000000f0bef00000)]
  0x000002e2ff07b800 JavaThread "Finalizer" daemon [_thread_blocked, id=1344, stack(0x000000f0bef00000,0x000000f0bf000000)]
  0x000002e2ff08a000 JavaThread "Signal Dispatcher" daemon [_thread_blocked, id=7136, stack(0x000000f0bf000000,0x000000f0bf100000)]
  0x000002e2ff08c000 JavaThread "Attach Listener" daemon [_thread_blocked, id=6068, stack(0x000000f0bf100000,0x000000f0bf200000)]
  0x000002e2ff08f000 JavaThread "Service Thread" daemon [_thread_blocked, id=4452, stack(0x000000f0bf200000,0x000000f0bf300000)]
  0x000002e2ff090800 JavaThread "C2 CompilerThread0" daemon [_thread_in_native, id=3936, stack(0x000000f0bf300000,0x000000f0bf400000)]
  0x000002e2fe857800 JavaThread "C1 CompilerThread0" daemon [_thread_blocked, id=5956, stack(0x000000f0bf400000,0x000000f0bf500000)]
  0x000002e2fe860800 JavaThread "Sweeper thread" daemon [_thread_blocked, id=1124, stack(0x000000f0bf500000,0x000000f0bf600000)]
  0x000002e2ff1dc000 JavaThread "Common-Cleaner" daemon [_thread_blocked, id=1136, stack(0x000000f0bf600000,0x000000f0bf700000)]
  0x000002e283198000 JavaThread "Daemon health stats" [_thread_blocked, id=7888, stack(0x000000f0bfb00000,0x000000f0bfc00000)]
  0x000002e2ff76b000 JavaThread "Incoming local TCP Connector on port 50810" [_thread_in_native, id=7400, stack(0x000000f0bf800000,0x000000f0bf900000)]
  0x000002e2ff76c800 JavaThread "Daemon periodic checks" [_thread_blocked, id=6524, stack(0x000000f0bfc00000,0x000000f0bfd00000)]
  0x000002e283696800 JavaThread "Cache worker for journal cache (C:\Users\palam\.gradle\caches\journal-1)" [_thread_blocked, id=7616, stack(0x000000f0c0500000,0x000000f0c0600000)]
  0x000002e283694000 JavaThread "File lock request listener" [_thread_in_native, id=5580, stack(0x000000f0c0600000,0x000000f0c0700000)]
  0x000002e283691000 JavaThread "Cache worker for file hash cache (C:\Users\palam\.gradle\caches\7.4\fileHashes)" [_thread_blocked, id=208, stack(0x000000f0c0700000,0x000000f0c0800000)]
  0x000002e28369a800 JavaThread "File watcher server" daemon [_thread_in_native, id=7384, stack(0x000000f0c0900000,0x000000f0c0a00000)]
  0x000002e28369b800 JavaThread "File watcher consumer" daemon [_thread_blocked, id=5864, stack(0x000000f0c0a00000,0x000000f0c0b00000)]
  0x000002e28369d000 JavaThread "Cache worker for execution history cache (C:\Users\palam\.gradle\caches\7.4\executionHistory)" [_thread_blocked, id=1020, stack(0x000000f0c0f00000,0x000000f0c1000000)]
  0x000002e28369c000 JavaThread "jar transforms" [_thread_blocked, id=4716, stack(0x000000f0c1000000,0x000000f0c1100000)]
  0x000002e28369e800 JavaThread "Cache worker for file content cache (C:\Users\palam\.gradle\caches\7.4\fileContent)" [_thread_blocked, id=1304, stack(0x000000f0c1100000,0x000000f0c1200000)]
  0x000002e286741000 JavaThread "jar transforms Thread 2" [_thread_blocked, id=2560, stack(0x000000f0c1200000,0x000000f0c1300000)]
  0x000002e28673c000 JavaThread "jar transforms Thread 3" [_thread_blocked, id=5940, stack(0x000000f0c1400000,0x000000f0c1500000)]
  0x000002e282c02800 JavaThread "jar transforms Thread 4" [_thread_blocked, id=6348, stack(0x000000f0c3e00000,0x000000f0c3f00000)]
  0x000002e282c0f000 JavaThread "Memory manager" [_thread_blocked, id=6044, stack(0x000000f0c3f00000,0x000000f0c4000000)]
  0x000002e286742800 JavaThread "Daemon Thread 2" [_thread_blocked, id=1948, stack(0x000000f0be400000,0x000000f0be500000)]
  0x000002e28673d000 JavaThread "Handler for socket connection from /127.0.0.1:50810 to /127.0.0.1:64731" [_thread_in_native, id=5264, stack(0x000000f0be500000,0x000000f0be600000)]
  0x000002e28673d800 JavaThread "Cancel handler" [_thread_blocked, id=4380, stack(0x000000f0be600000,0x000000f0be700000)]
  0x000002e286743800 JavaThread "Daemon worker Thread 2" [_thread_in_Java, id=6512, stack(0x000000f0bfd00000,0x000000f0bfe00000)]
  0x000002e28673f000 JavaThread "Asynchronous log dispatcher for DefaultDaemonConnection: socket connection from /127.0.0.1:50810 to /127.0.0.1:64731" [_thread_blocked, id=4820, stack(0x000000f0bfe00000,0x000000f0bff00000)]
  0x000002e286744000 JavaThread "Stdin handler" [_thread_blocked, id=2184, stack(0x000000f0bff00000,0x000000f0c0000000)]
  0x000002e286740000 JavaThread "Daemon client event forwarder" [_thread_blocked, id=3696, stack(0x000000f0c0000000,0x000000f0c0100000)]
  0x000002e28673e800 JavaThread "Cache worker for checksums cache (F:\AndroidStudioProjects\ImbaAlarm\.gradle\7.4\checksums)" [_thread_blocked, id=6008, stack(0x000000f0c0100000,0x000000f0c0200000)]
  0x000002e28674a000 JavaThread "Cache worker for cache directory md-rule (C:\Users\palam\.gradle\caches\7.4\md-rule)" [_thread_blocked, id=2672, stack(0x000000f0c0200000,0x000000f0c0300000)]
  0x000002e286749000 JavaThread "Cache worker for file hash cache (F:\AndroidStudioProjects\ImbaAlarm\.gradle\7.4\fileHashes)" [_thread_blocked, id=6896, stack(0x000000f0c0300000,0x000000f0c0400000)]
  0x000002e286747800 JavaThread "Cache worker for cache directory md-supplier (C:\Users\palam\.gradle\caches\7.4\md-supplier)" [_thread_blocked, id=2852, stack(0x000000f0c0800000,0x000000f0c0900000)]
  0x000002e286745000 JavaThread "Cache worker for dependencies-accessors (F:\AndroidStudioProjects\ImbaAlarm\.gradle\7.4\dependencies-accessors)" [_thread_blocked, id=3324, stack(0x000000f0c0b00000,0x000000f0c0c00000)]
  0x000002e28674a800 JavaThread "Cache worker for Build Output Cleanup Cache (F:\AndroidStudioProjects\ImbaAlarm\.gradle\buildOutputCleanup)" [_thread_blocked, id=2360, stack(0x000000f0c0c00000,0x000000f0c0d00000)]
=>0x000002e2ff384800 JavaThread "C2 CompilerThread1" daemon [_thread_in_native, id=3092, stack(0x000000f0c0d00000,0x000000f0c0e00000)]
  0x000002e286745800 JavaThread "Unconstrained build operations" [_thread_blocked, id=6244, stack(0x000000f0c0e00000,0x000000f0c0f00000)]
  0x000002e286746800 JavaThread "Unconstrained build operations Thread 2" [_thread_blocked, id=4104, stack(0x000000f0c1300000,0x000000f0c1400000)]
  0x000002e286748000 JavaThread "Unconstrained build operations Thread 3" [_thread_blocked, id=1444, stack(0x000000f0c1500000,0x000000f0c1600000)]
  0x000002e282c06000 JavaThread "Unconstrained build operations Thread 4" [_thread_blocked, id=6940, stack(0x000000f0c1600000,0x000000f0c1700000)]
  0x000002e282c03800 JavaThread "Unconstrained build operations Thread 5" [_thread_blocked, id=6440, stack(0x000000f0c1700000,0x000000f0c1800000)]
  0x000002e282c04800 JavaThread "Unconstrained build operations Thread 6" [_thread_blocked, id=6336, stack(0x000000f0c1800000,0x000000f0c1900000)]
  0x000002e282c09800 JavaThread "Unconstrained build operations Thread 7" [_thread_blocked, id=5656, stack(0x000000f0c1900000,0x000000f0c1a00000)]
  0x000002e282c0b000 JavaThread "Unconstrained build operations Thread 8" [_thread_blocked, id=416, stack(0x000000f0c1a00000,0x000000f0c1b00000)]
  0x000002e282c05000 JavaThread "Unconstrained build operations Thread 9" [_thread_blocked, id=7332, stack(0x000000f0c1b00000,0x000000f0c1c00000)]
  0x000002e282c0a000 JavaThread "Unconstrained build operations Thread 10" [_thread_blocked, id=2652, stack(0x000000f0c1c00000,0x000000f0c1d00000)]
  0x000002e282c08800 JavaThread "Unconstrained build operations Thread 11" [_thread_blocked, id=2440, stack(0x000000f0c1d00000,0x000000f0c1e00000)]
  0x000002e282c07000 JavaThread "Unconstrained build operations Thread 12" [_thread_blocked, id=4100, stack(0x000000f0c1e00000,0x000000f0c1f00000)]
  0x000002e282c0d800 JavaThread "Unconstrained build operations Thread 13" [_thread_blocked, id=1284, stack(0x000000f0c1f00000,0x000000f0c2000000)]
  0x000002e282c0b800 JavaThread "Unconstrained build operations Thread 14" [_thread_blocked, id=5708, stack(0x000000f0c2000000,0x000000f0c2100000)]
  0x000002e282c0c800 JavaThread "Unconstrained build operations Thread 15" [_thread_blocked, id=5144, stack(0x000000f0c2100000,0x000000f0c2200000)]
  0x000002e282c07800 JavaThread "Unconstrained build operations Thread 16" [_thread_blocked, id=7696, stack(0x000000f0c2200000,0x000000f0c2300000)]
  0x000002e282c10000 JavaThread "Unconstrained build operations Thread 17" [_thread_blocked, id=5668, stack(0x000000f0c2300000,0x000000f0c2400000)]
  0x000002e282c11800 JavaThread "Unconstrained build operations Thread 18" [_thread_blocked, id=684, stack(0x000000f0c2400000,0x000000f0c2500000)]
  0x000002e283695000 JavaThread "Unconstrained build operations Thread 19" [_thread_blocked, id=6056, stack(0x000000f0c2500000,0x000000f0c2600000)]
  0x000002e283695800 JavaThread "Unconstrained build operations Thread 20" [_thread_blocked, id=7968, stack(0x000000f0c2600000,0x000000f0c2700000)]
  0x000002e283697800 JavaThread "Unconstrained build operations Thread 21" [_thread_blocked, id=904, stack(0x000000f0c2700000,0x000000f0c2800000)]
  0x000002e283691800 JavaThread "Unconstrained build operations Thread 22" [_thread_blocked, id=3060, stack(0x000000f0c2800000,0x000000f0c2900000)]
  0x000002e283698000 JavaThread "Unconstrained build operations Thread 23" [_thread_blocked, id=8024, stack(0x000000f0c2900000,0x000000f0c2a00000)]
  0x000002e283692800 JavaThread "Unconstrained build operations Thread 24" [_thread_blocked, id=7892, stack(0x000000f0c2a00000,0x000000f0c2b00000)]
  0x000002e283693000 JavaThread "Unconstrained build operations Thread 25" [_thread_blocked, id=3980, stack(0x000000f0c2b00000,0x000000f0c2c00000)]
  0x000002e28369a000 JavaThread "Unconstrained build operations Thread 26" [_thread_blocked, id=1860, stack(0x000000f0c2c00000,0x000000f0c2d00000)]
  0x000002e28369e000 JavaThread "Unconstrained build operations Thread 27" [_thread_blocked, id=7444, stack(0x000000f0c2d00000,0x000000f0c2e00000)]
  0x000002e2ff76c000 JavaThread "Unconstrained build operations Thread 28" [_thread_blocked, id=5520, stack(0x000000f0c2e00000,0x000000f0c2f00000)]
  0x000002e2ff76a800 JavaThread "Unconstrained build operations Thread 29" [_thread_blocked, id=2600, stack(0x000000f0c2f00000,0x000000f0c3000000)]
  0x000002e2873e5800 JavaThread "Unconstrained build operations Thread 30" [_thread_blocked, id=7092, stack(0x000000f0c3000000,0x000000f0c3100000)]
  0x000002e2873e4000 JavaThread "Unconstrained build operations Thread 31" [_thread_blocked, id=5088, stack(0x000000f0c3100000,0x000000f0c3200000)]
  0x000002e2873e7000 JavaThread "Unconstrained build operations Thread 32" [_thread_blocked, id=2004, stack(0x000000f0c3200000,0x000000f0c3300000)]
  0x000002e2873e6800 JavaThread "Unconstrained build operations Thread 33" [_thread_blocked, id=1700, stack(0x000000f0c3300000,0x000000f0c3400000)]
  0x000002e2873e8000 JavaThread "Unconstrained build operations Thread 34" [_thread_blocked, id=6984, stack(0x000000f0c3400000,0x000000f0c3500000)]
  0x000002e2873e4800 JavaThread "Unconstrained build operations Thread 35" [_thread_blocked, id=5540, stack(0x000000f0c3500000,0x000000f0c3600000)]
  0x000002e2873e2800 JavaThread "Unconstrained build operations Thread 36" [_thread_blocked, id=5532, stack(0x000000f0c3600000,0x000000f0c3700000)]
  0x000002e2873e9000 JavaThread "Unconstrained build operations Thread 37" [_thread_blocked, id=2008, stack(0x000000f0c3700000,0x000000f0c3800000)]
  0x000002e2873e3000 JavaThread "Unconstrained build operations Thread 38" [_thread_blocked, id=680, stack(0x000000f0c3800000,0x000000f0c3900000)]
  0x000002e2873ef800 JavaThread "Unconstrained build operations Thread 39" [_thread_blocked, id=596, stack(0x000000f0c3900000,0x000000f0c3a00000)]
  0x000002e2873ee800 JavaThread "Unconstrained build operations Thread 40" [_thread_blocked, id=1924, stack(0x000000f0c3a00000,0x000000f0c3b00000)]

Other Threads:
  0x000002e2fe804800 VMThread "VM Thread" [stack: 0x000000f0bed00000,0x000000f0bee00000] [id=776]
  0x000002e2ff1dd000 WatcherThread [stack: 0x000000f0bf700000,0x000000f0bf800000] [id=7228]
  0x000002e2e6485800 GCTaskThread "GC Thread#0" [stack: 0x000000f0be800000,0x000000f0be900000] [id=3560]
  0x000002e2ff89b800 GCTaskThread "GC Thread#1" [stack: 0x000000f0bf900000,0x000000f0bfa00000] [id=1960]
  0x000002e28207f000 GCTaskThread "GC Thread#2" [stack: 0x000000f0bfa00000,0x000000f0bfb00000] [id=6748]
  0x000002e282402800 GCTaskThread "GC Thread#3" [stack: 0x000000f0c0400000,0x000000f0c0500000] [id=7812]
  0x000002e2e64b5800 ConcurrentGCThread "G1 Main Marker" [stack: 0x000000f0be900000,0x000000f0bea00000] [id=4576]
  0x000002e2e64b6800 ConcurrentGCThread "G1 Conc#0" [stack: 0x000000f0bea00000,0x000000f0beb00000] [id=3948]
  0x000002e2e6544800 ConcurrentGCThread "G1 Refine#0" [stack: 0x000000f0beb00000,0x000000f0bec00000] [id=4612]
  0x000002e2e6545800 ConcurrentGCThread "G1 Young RemSet Sampling" [stack: 0x000000f0bec00000,0x000000f0bed00000] [id=3056]

Threads with active compile tasks:
C2 CompilerThread12012322 12589       4       org.gradle.internal.service.DefaultServiceRegistry$ClassInspector$ClassDetails::collectTypes (63 bytes)

VM state:not at safepoint (normal execution)

VM Mutex/Monitor currently owned by a thread: None

Heap address: 0x0000000080000000, size: 2048 MB, Compressed Oops mode: 32-bit
Narrow klass base: 0x0000000000000000, Narrow klass shift: 3
Compressed class space size: 1073741824 Address: 0x0000000100000000

Heap:
 garbage-first heap   total 189440K, used 101808K [0x0000000080000000, 0x0000000100000000)
  region size 1024K, 19 young (19456K), 7 survivors (7168K)
 Metaspace       used 94927K, capacity 97165K, committed 97244K, reserved 1134592K
  class space    used 12120K, capacity 12955K, committed 12960K, reserved 1048576K
Heap Regions: E=young(eden), S=young(survivor), O=old, HS=humongous(starts), HC=humongous(continues), CS=collection set, F=free, A=archive, TAMS=top-at-mark-start (previous, next)
|   0|0x0000000080000000, 0x0000000080100000, 0x0000000080100000|100%|HS|  |TAMS 0x0000000080100000, 0x0000000080000000| Complete 
|   1|0x0000000080100000, 0x0000000080200000, 0x0000000080200000|100%|HC|  |TAMS 0x0000000080200000, 0x0000000080100000| Complete 
|   2|0x0000000080200000, 0x0000000080300000, 0x0000000080300000|100%|HC|  |TAMS 0x0000000080300000, 0x0000000080200000| Complete 
|   3|0x0000000080300000, 0x0000000080400000, 0x0000000080400000|100%| O|  |TAMS 0x0000000080400000, 0x0000000080300000| Untracked 
|   4|0x0000000080400000, 0x0000000080500000, 0x0000000080500000|100%| O|  |TAMS 0x0000000080500000, 0x0000000080400000| Untracked 
|   5|0x0000000080500000, 0x0000000080600000, 0x0000000080600000|100%| O|  |TAMS 0x0000000080600000, 0x0000000080500000| Untracked 
|   6|0x0000000080600000, 0x0000000080700000, 0x0000000080700000|100%| O|  |TAMS 0x0000000080700000, 0x0000000080600000| Untracked 
|   7|0x0000000080700000, 0x0000000080800000, 0x0000000080800000|100%| O|  |TAMS 0x0000000080800000, 0x0000000080700000| Untracked 
|   8|0x0000000080800000, 0x0000000080900000, 0x0000000080900000|100%| O|  |TAMS 0x0000000080900000, 0x0000000080800000| Untracked 
|   9|0x0000000080900000, 0x0000000080a00000, 0x0000000080a00000|100%| O|  |TAMS 0x0000000080a00000, 0x0000000080900000| Untracked 
|  10|0x0000000080a00000, 0x0000000080b00000, 0x0000000080b00000|100%| O|  |TAMS 0x0000000080b00000, 0x0000000080a00000| Untracked 
|  11|0x0000000080b00000, 0x0000000080c00000, 0x0000000080c00000|100%| O|  |TAMS 0x0000000080c00000, 0x0000000080b00000| Untracked 
|  12|0x0000000080c00000, 0x0000000080d00000, 0x0000000080d00000|100%| O|  |TAMS 0x0000000080d00000, 0x0000000080c00000| Untracked 
|  13|0x0000000080d00000, 0x0000000080e00000, 0x0000000080e00000|100%| O|  |TAMS 0x0000000080e00000, 0x0000000080d00000| Untracked 
|  14|0x0000000080e00000, 0x0000000080f00000, 0x0000000080f00000|100%| O|  |TAMS 0x0000000080f00000, 0x0000000080e00000| Untracked 
|  15|0x0000000080f00000, 0x0000000081000000, 0x0000000081000000|100%| O|  |TAMS 0x0000000081000000, 0x0000000080f00000| Untracked 
|  16|0x0000000081000000, 0x0000000081100000, 0x0000000081100000|100%|HS|  |TAMS 0x0000000081100000, 0x0000000081000000| Complete 
|  17|0x0000000081100000, 0x0000000081200000, 0x0000000081200000|100%| O|  |TAMS 0x0000000081200000, 0x0000000081100000| Untracked 
|  18|0x0000000081200000, 0x0000000081300000, 0x0000000081300000|100%| O|  |TAMS 0x0000000081300000, 0x0000000081200000| Untracked 
|  19|0x0000000081300000, 0x0000000081400000, 0x0000000081400000|100%| O|  |TAMS 0x0000000081400000, 0x0000000081300000| Untracked 
|  20|0x0000000081400000, 0x0000000081500000, 0x0000000081500000|100%| O|  |TAMS 0x0000000081500000, 0x0000000081400000| Untracked 
|  21|0x0000000081500000, 0x0000000081600000, 0x0000000081600000|100%| O|  |TAMS 0x0000000081600000, 0x0000000081500000| Untracked 
|  22|0x0000000081600000, 0x0000000081700000, 0x0000000081700000|100%| O|  |TAMS 0x0000000081700000, 0x0000000081600000| Untracked 
|  23|0x0000000081700000, 0x0000000081800000, 0x0000000081800000|100%| O|  |TAMS 0x0000000081800000, 0x0000000081700000| Untracked 
|  24|0x0000000081800000, 0x0000000081900000, 0x0000000081900000|100%|HS|  |TAMS 0x0000000081900000, 0x0000000081800000| Complete 
|  25|0x0000000081900000, 0x0000000081a00000, 0x0000000081a00000|100%|HS|  |TAMS 0x0000000081a00000, 0x0000000081900000| Complete 
|  26|0x0000000081a00000, 0x0000000081b00000, 0x0000000081b00000|100%|HS|  |TAMS 0x0000000081b00000, 0x0000000081a00000| Complete 
|  27|0x0000000081b00000, 0x0000000081c00000, 0x0000000081c00000|100%|HC|  |TAMS 0x0000000081c00000, 0x0000000081b00000| Complete 
|  28|0x0000000081c00000, 0x0000000081d00000, 0x0000000081d00000|100%|HC|  |TAMS 0x0000000081d00000, 0x0000000081c00000| Complete 
|  29|0x0000000081d00000, 0x0000000081e00000, 0x0000000081e00000|100%|HC|  |TAMS 0x0000000081e00000, 0x0000000081d00000| Complete 
|  30|0x0000000081e00000, 0x0000000081f00000, 0x0000000081f00000|100%| O|  |TAMS 0x0000000081f00000, 0x0000000081e00000| Untracked 
|  31|0x0000000081f00000, 0x0000000082000000, 0x0000000082000000|100%|HS|  |TAMS 0x0000000082000000, 0x0000000081f00000| Complete 
|  32|0x0000000082000000, 0x0000000082100000, 0x0000000082100000|100%|HC|  |TAMS 0x0000000082100000, 0x0000000082000000| Complete 
|  33|0x0000000082100000, 0x0000000082200000, 0x0000000082200000|100%| O|  |TAMS 0x0000000082200000, 0x0000000082100000| Untracked 
|  34|0x0000000082200000, 0x0000000082300000, 0x0000000082300000|100%| O|  |TAMS 0x0000000082300000, 0x0000000082200000| Untracked 
|  35|0x0000000082300000, 0x0000000082400000, 0x0000000082400000|100%| O|  |TAMS 0x0000000082400000, 0x0000000082300000| Untracked 
|  36|0x0000000082400000, 0x0000000082500000, 0x0000000082500000|100%| O|  |TAMS 0x0000000082500000, 0x0000000082400000| Untracked 
|  37|0x0000000082500000, 0x0000000082600000, 0x0000000082600000|100%| O|  |TAMS 0x0000000082600000, 0x0000000082500000| Untracked 
|  38|0x0000000082600000, 0x0000000082700000, 0x0000000082700000|100%| O|  |TAMS 0x0000000082700000, 0x0000000082600000| Untracked 
|  39|0x0000000082700000, 0x0000000082800000, 0x0000000082800000|100%| O|  |TAMS 0x0000000082800000, 0x0000000082700000| Untracked 
|  40|0x0000000082800000, 0x0000000082900000, 0x0000000082900000|100%| O|  |TAMS 0x0000000082900000, 0x0000000082800000| Untracked 
|  41|0x0000000082900000, 0x0000000082a00000, 0x0000000082a00000|100%| O|  |TAMS 0x0000000082a00000, 0x0000000082900000| Untracked 
|  42|0x0000000082a00000, 0x0000000082b00000, 0x0000000082b00000|100%| O|  |TAMS 0x0000000082b00000, 0x0000000082a00000| Untracked 
|  43|0x0000000082b00000, 0x0000000082c00000, 0x0000000082c00000|100%| O|  |TAMS 0x0000000082c00000, 0x0000000082b00000| Untracked 
|  44|0x0000000082c00000, 0x0000000082d00000, 0x0000000082d00000|100%| O|  |TAMS 0x0000000082d00000, 0x0000000082c00000| Untracked 
|  45|0x0000000082d00000, 0x0000000082e00000, 0x0000000082e00000|100%| O|  |TAMS 0x0000000082e00000, 0x0000000082d00000| Untracked 
|  46|0x0000000082e00000, 0x0000000082f00000, 0x0000000082f00000|100%| O|  |TAMS 0x0000000082f00000, 0x0000000082e00000| Untracked 
|  47|0x0000000082f00000, 0x0000000083000000, 0x0000000083000000|100%| O|  |TAMS 0x0000000083000000, 0x0000000082f00000| Untracked 
|  48|0x0000000083000000, 0x0000000083100000, 0x0000000083100000|100%| O|  |TAMS 0x0000000083100000, 0x0000000083000000| Untracked 
|  49|0x0000000083100000, 0x0000000083200000, 0x0000000083200000|100%| O|  |TAMS 0x0000000083200000, 0x0000000083100000| Untracked 
|  50|0x0000000083200000, 0x0000000083300000, 0x0000000083300000|100%| O|  |TAMS 0x0000000083200000, 0x0000000083200000| Untracked 
|  51|0x0000000083300000, 0x0000000083400000, 0x0000000083400000|100%| O|  |TAMS 0x0000000083300000, 0x0000000083300000| Untracked 
|  52|0x0000000083400000, 0x0000000083500000, 0x0000000083500000|100%| O|  |TAMS 0x0000000083400000, 0x0000000083400000| Untracked 
|  53|0x0000000083500000, 0x0000000083600000, 0x0000000083600000|100%| O|  |TAMS 0x0000000083500000, 0x0000000083500000| Untracked 
|  54|0x0000000083600000, 0x0000000083700000, 0x0000000083700000|100%| O|  |TAMS 0x0000000083600000, 0x0000000083600000| Untracked 
|  55|0x0000000083700000, 0x0000000083800000, 0x0000000083800000|100%| O|  |TAMS 0x0000000083700000, 0x0000000083700000| Untracked 
|  56|0x0000000083800000, 0x0000000083900000, 0x0000000083900000|100%| O|  |TAMS 0x0000000083800000, 0x0000000083800000| Untracked 
|  57|0x0000000083900000, 0x0000000083a00000, 0x0000000083a00000|100%| O|  |TAMS 0x0000000083900000, 0x0000000083900000| Untracked 
|  58|0x0000000083a00000, 0x0000000083b00000, 0x0000000083b00000|100%| O|  |TAMS 0x0000000083a00000, 0x0000000083a00000| Untracked 
|  59|0x0000000083b00000, 0x0000000083c00000, 0x0000000083c00000|100%| O|  |TAMS 0x0000000083b00000, 0x0000000083b00000| Untracked 
|  60|0x0000000083c00000, 0x0000000083d00000, 0x0000000083d00000|100%| O|  |TAMS 0x0000000083c00000, 0x0000000083c00000| Untracked 
|  61|0x0000000083d00000, 0x0000000083e00000, 0x0000000083e00000|100%| O|  |TAMS 0x0000000083d00000, 0x0000000083d00000| Untracked 
|  62|0x0000000083e00000, 0x0000000083f00000, 0x0000000083f00000|100%| O|  |TAMS 0x0000000083e00000, 0x0000000083e00000| Untracked 
|  63|0x0000000083f00000, 0x0000000084000000, 0x0000000084000000|100%| O|  |TAMS 0x0000000083f00000, 0x0000000083f00000| Untracked 
|  64|0x0000000084000000, 0x0000000084100000, 0x0000000084100000|100%| O|  |TAMS 0x0000000084000000, 0x0000000084000000| Untracked 
|  65|0x0000000084100000, 0x0000000084200000, 0x0000000084200000|100%| O|  |TAMS 0x0000000084100000, 0x0000000084100000| Untracked 
|  66|0x0000000084200000, 0x0000000084300000, 0x0000000084300000|100%| O|  |TAMS 0x0000000084200000, 0x0000000084200000| Untracked 
|  67|0x0000000084300000, 0x0000000084400000, 0x0000000084400000|100%| O|  |TAMS 0x0000000084300000, 0x0000000084300000| Untracked 
|  68|0x0000000084400000, 0x0000000084500000, 0x0000000084500000|100%| O|  |TAMS 0x0000000084400000, 0x0000000084400000| Untracked 
|  69|0x0000000084500000, 0x0000000084600000, 0x0000000084600000|100%| O|  |TAMS 0x0000000084500000, 0x0000000084500000| Untracked 
|  70|0x0000000084600000, 0x0000000084700000, 0x0000000084700000|100%| O|  |TAMS 0x0000000084600000, 0x0000000084600000| Untracked 
|  71|0x0000000084700000, 0x0000000084800000, 0x0000000084800000|100%| O|  |TAMS 0x0000000084700000, 0x0000000084700000| Untracked 
|  72|0x0000000084800000, 0x0000000084900000, 0x0000000084900000|100%| O|  |TAMS 0x0000000084800000, 0x0000000084800000| Untracked 
|  73|0x0000000084900000, 0x0000000084a00000, 0x0000000084a00000|100%| O|  |TAMS 0x0000000084900000, 0x0000000084900000| Untracked 
|  74|0x0000000084a00000, 0x0000000084b00000, 0x0000000084b00000|100%| O|  |TAMS 0x0000000084a00000, 0x0000000084a00000| Untracked 
|  75|0x0000000084b00000, 0x0000000084c00000, 0x0000000084c00000|100%| O|  |TAMS 0x0000000084b00000, 0x0000000084b00000| Untracked 
|  76|0x0000000084c00000, 0x0000000084d00000, 0x0000000084d00000|100%| O|  |TAMS 0x0000000084c00000, 0x0000000084c00000| Untracked 
|  77|0x0000000084d00000, 0x0000000084e00000, 0x0000000084e00000|100%| O|  |TAMS 0x0000000084d00000, 0x0000000084d00000| Untracked 
|  78|0x0000000084e00000, 0x0000000084f00000, 0x0000000084f00000|100%| O|  |TAMS 0x0000000084e00000, 0x0000000084e00000| Untracked 
|  79|0x0000000084f00000, 0x0000000085000000, 0x0000000085000000|100%| O|  |TAMS 0x0000000084f00000, 0x0000000084f00000| Untracked 
|  80|0x0000000085000000, 0x0000000085100000, 0x0000000085100000|100%| O|  |TAMS 0x0000000085000000, 0x0000000085000000| Untracked 
|  81|0x0000000085100000, 0x0000000085200000, 0x0000000085200000|100%| O|  |TAMS 0x0000000085100000, 0x0000000085100000| Untracked 
|  82|0x0000000085200000, 0x0000000085278400, 0x0000000085300000| 46%| O|  |TAMS 0x0000000085200000, 0x0000000085200000| Untracked 
|  83|0x0000000085300000, 0x0000000085300000, 0x0000000085400000|  0%| F|  |TAMS 0x0000000085300000, 0x0000000085300000| Untracked 
|  84|0x0000000085400000, 0x0000000085400000, 0x0000000085500000|  0%| F|  |TAMS 0x0000000085400000, 0x0000000085400000| Untracked 
|  85|0x0000000085500000, 0x0000000085500000, 0x0000000085600000|  0%| F|  |TAMS 0x0000000085500000, 0x0000000085500000| Untracked 
|  86|0x0000000085600000, 0x0000000085600000, 0x0000000085700000|  0%| F|  |TAMS 0x0000000085600000, 0x0000000085600000| Untracked 
|  87|0x0000000085700000, 0x0000000085700000, 0x0000000085800000|  0%| F|  |TAMS 0x0000000085700000, 0x0000000085700000| Untracked 
|  88|0x0000000085800000, 0x0000000085800000, 0x0000000085900000|  0%| F|  |TAMS 0x0000000085800000, 0x0000000085800000| Untracked 
|  89|0x0000000085900000, 0x0000000085900000, 0x0000000085a00000|  0%| F|  |TAMS 0x0000000085900000, 0x0000000085900000| Untracked 
|  90|0x0000000085a00000, 0x0000000085a00000, 0x0000000085b00000|  0%| F|  |TAMS 0x0000000085a00000, 0x0000000085a00000| Untracked 
|  91|0x0000000085b00000, 0x0000000085b00000, 0x0000000085c00000|  0%| F|  |TAMS 0x0000000085b00000, 0x0000000085b00000| Untracked 
|  92|0x0000000085c00000, 0x0000000085c00000, 0x0000000085d00000|  0%| F|  |TAMS 0x0000000085c00000, 0x0000000085c00000| Untracked 
|  93|0x0000000085d00000, 0x0000000085d00000, 0x0000000085e00000|  0%| F|  |TAMS 0x0000000085d00000, 0x0000000085d00000| Untracked 
|  94|0x0000000085e00000, 0x0000000085e00000, 0x0000000085f00000|  0%| F|  |TAMS 0x0000000085e00000, 0x0000000085e00000| Untracked 
|  95|0x0000000085f00000, 0x0000000085f00000, 0x0000000086000000|  0%| F|  |TAMS 0x0000000085f00000, 0x0000000085f00000| Untracked 
|  96|0x0000000086000000, 0x0000000086000000, 0x0000000086100000|  0%| F|  |TAMS 0x0000000086000000, 0x0000000086000000| Untracked 
|  97|0x0000000086100000, 0x0000000086100000, 0x0000000086200000|  0%| F|  |TAMS 0x0000000086100000, 0x0000000086100000| Untracked 
|  98|0x0000000086200000, 0x0000000086200000, 0x0000000086300000|  0%| F|  |TAMS 0x0000000086200000, 0x0000000086200000| Untracked 
|  99|0x0000000086300000, 0x0000000086300000, 0x0000000086400000|  0%| F|  |TAMS 0x0000000086300000, 0x0000000086300000| Untracked 
| 100|0x0000000086400000, 0x0000000086400000, 0x0000000086500000|  0%| F|  |TAMS 0x0000000086400000, 0x0000000086400000| Untracked 
| 101|0x0000000086500000, 0x0000000086500000, 0x0000000086600000|  0%| F|  |TAMS 0x0000000086500000, 0x0000000086500000| Untracked 
| 102|0x0000000086600000, 0x0000000086600000, 0x0000000086700000|  0%| F|  |TAMS 0x0000000086600000, 0x0000000086600000| Untracked 
| 103|0x0000000086700000, 0x0000000086700000, 0x0000000086800000|  0%| F|  |TAMS 0x0000000086700000, 0x0000000086700000| Untracked 
| 104|0x0000000086800000, 0x0000000086800000, 0x0000000086900000|  0%| F|  |TAMS 0x0000000086800000, 0x0000000086800000| Untracked 
| 105|0x0000000086900000, 0x0000000086900000, 0x0000000086a00000|  0%| F|  |TAMS 0x0000000086900000, 0x0000000086900000| Untracked 
| 106|0x0000000086a00000, 0x0000000086a00000, 0x0000000086b00000|  0%| F|  |TAMS 0x0000000086a00000, 0x0000000086a00000| Untracked 
| 107|0x0000000086b00000, 0x0000000086b00000, 0x0000000086c00000|  0%| F|  |TAMS 0x0000000086b00000, 0x0000000086b00000| Untracked 
| 108|0x0000000086c00000, 0x0000000086c00000, 0x0000000086d00000|  0%| F|  |TAMS 0x0000000086c00000, 0x0000000086c00000| Untracked 
| 109|0x0000000086d00000, 0x0000000086d00000, 0x0000000086e00000|  0%| F|  |TAMS 0x0000000086d00000, 0x0000000086d00000| Untracked 
| 110|0x0000000086e00000, 0x0000000086e00000, 0x0000000086f00000|  0%| F|  |TAMS 0x0000000086e00000, 0x0000000086e00000| Untracked 
| 111|0x0000000086f00000, 0x0000000086f00000, 0x0000000087000000|  0%| F|  |TAMS 0x0000000086f00000, 0x0000000086f00000| Untracked 
| 112|0x0000000087000000, 0x00000000870f3cd8, 0x0000000087100000| 95%| S|CS|TAMS 0x0000000087000000, 0x0000000087000000| Complete 
| 113|0x0000000087100000, 0x0000000087200000, 0x0000000087200000|100%| S|CS|TAMS 0x0000000087100000, 0x0000000087100000| Complete 
| 114|0x0000000087200000, 0x0000000087300000, 0x0000000087300000|100%| S|CS|TAMS 0x0000000087200000, 0x0000000087200000| Complete 
| 115|0x0000000087300000, 0x0000000087400000, 0x0000000087400000|100%| S|CS|TAMS 0x0000000087300000, 0x0000000087300000| Complete 
| 116|0x0000000087400000, 0x0000000087500000, 0x0000000087500000|100%| S|CS|TAMS 0x0000000087400000, 0x0000000087400000| Complete 
| 117|0x0000000087500000, 0x0000000087600000, 0x0000000087600000|100%| S|CS|TAMS 0x0000000087500000, 0x0000000087500000| Complete 
| 118|0x0000000087600000, 0x0000000087700000, 0x0000000087700000|100%| S|CS|TAMS 0x0000000087600000, 0x0000000087600000| Complete 
| 119|0x0000000087700000, 0x0000000087700000, 0x0000000087800000|  0%| F|  |TAMS 0x0000000087700000, 0x0000000087700000| Untracked 
| 120|0x0000000087800000, 0x0000000087800000, 0x0000000087900000|  0%| F|  |TAMS 0x0000000087800000, 0x0000000087800000| Untracked 
| 121|0x0000000087900000, 0x0000000087900000, 0x0000000087a00000|  0%| F|  |TAMS 0x0000000087900000, 0x0000000087900000| Untracked 
| 122|0x0000000087a00000, 0x0000000087a00000, 0x0000000087b00000|  0%| F|  |TAMS 0x0000000087a00000, 0x0000000087a00000| Untracked 
| 123|0x0000000087b00000, 0x0000000087b00000, 0x0000000087c00000|  0%| F|  |TAMS 0x0000000087b00000, 0x0000000087b00000| Untracked 
| 124|0x0000000087c00000, 0x0000000087c00000, 0x0000000087d00000|  0%| F|  |TAMS 0x0000000087c00000, 0x0000000087c00000| Untracked 
| 125|0x0000000087d00000, 0x0000000087d00000, 0x0000000087e00000|  0%| F|  |TAMS 0x0000000087d00000, 0x0000000087d00000| Untracked 
| 126|0x0000000087e00000, 0x0000000087e00000, 0x0000000087f00000|  0%| F|  |TAMS 0x0000000087e00000, 0x0000000087e00000| Untracked 
| 127|0x0000000087f00000, 0x0000000087f00000, 0x0000000088000000|  0%| F|  |TAMS 0x0000000087f00000, 0x0000000087f00000| Untracked 
| 128|0x0000000088000000, 0x0000000088000000, 0x0000000088100000|  0%| F|  |TAMS 0x0000000088000000, 0x0000000088000000| Untracked 
| 129|0x0000000088100000, 0x0000000088100000, 0x0000000088200000|  0%| F|  |TAMS 0x0000000088100000, 0x0000000088100000| Untracked 
| 130|0x0000000088200000, 0x0000000088200000, 0x0000000088300000|  0%| F|  |TAMS 0x0000000088200000, 0x0000000088200000| Untracked 
| 131|0x0000000088300000, 0x0000000088300000, 0x0000000088400000|  0%| F|  |TAMS 0x0000000088300000, 0x0000000088300000| Untracked 
| 132|0x0000000088400000, 0x0000000088400000, 0x0000000088500000|  0%| F|  |TAMS 0x0000000088400000, 0x0000000088400000| Untracked 
| 133|0x0000000088500000, 0x0000000088500000, 0x0000000088600000|  0%| F|  |TAMS 0x0000000088500000, 0x0000000088500000| Untracked 
| 134|0x0000000088600000, 0x0000000088600000, 0x0000000088700000|  0%| F|  |TAMS 0x0000000088600000, 0x0000000088600000| Untracked 
| 135|0x0000000088700000, 0x0000000088700000, 0x0000000088800000|  0%| F|  |TAMS 0x0000000088700000, 0x0000000088700000| Untracked 
| 136|0x0000000088800000, 0x0000000088800000, 0x0000000088900000|  0%| F|  |TAMS 0x0000000088800000, 0x0000000088800000| Untracked 
| 137|0x0000000088900000, 0x0000000088900000, 0x0000000088a00000|  0%| F|  |TAMS 0x0000000088900000, 0x0000000088900000| Untracked 
| 138|0x0000000088a00000, 0x0000000088a00000, 0x0000000088b00000|  0%| F|  |TAMS 0x0000000088a00000, 0x0000000088a00000| Untracked 
| 139|0x0000000088b00000, 0x0000000088b00000, 0x0000000088c00000|  0%| F|  |TAMS 0x0000000088b00000, 0x0000000088b00000| Untracked 
| 140|0x0000000088c00000, 0x0000000088c00000, 0x0000000088d00000|  0%| F|  |TAMS 0x0000000088c00000, 0x0000000088c00000| Untracked 
| 141|0x0000000088d00000, 0x0000000088d00000, 0x0000000088e00000|  0%| F|  |TAMS 0x0000000088d00000, 0x0000000088d00000| Untracked 
| 142|0x0000000088e00000, 0x0000000088e00000, 0x0000000088f00000|  0%| F|  |TAMS 0x0000000088e00000, 0x0000000088e00000| Untracked 
| 143|0x0000000088f00000, 0x0000000088f00000, 0x0000000089000000|  0%| F|  |TAMS 0x0000000088f00000, 0x0000000088f00000| Untracked 
| 144|0x0000000089000000, 0x0000000089000000, 0x0000000089100000|  0%| F|  |TAMS 0x0000000089000000, 0x0000000089000000| Untracked 
| 145|0x0000000089100000, 0x0000000089100000, 0x0000000089200000|  0%| F|  |TAMS 0x0000000089100000, 0x0000000089100000| Untracked 
| 146|0x0000000089200000, 0x0000000089200000, 0x0000000089300000|  0%| F|  |TAMS 0x0000000089200000, 0x0000000089200000| Untracked 
| 147|0x0000000089300000, 0x0000000089300000, 0x0000000089400000|  0%| F|  |TAMS 0x0000000089300000, 0x0000000089300000| Untracked 
| 148|0x0000000089400000, 0x0000000089400000, 0x0000000089500000|  0%| F|  |TAMS 0x0000000089400000, 0x0000000089400000| Untracked 
| 149|0x0000000089500000, 0x0000000089500000, 0x0000000089600000|  0%| F|  |TAMS 0x0000000089500000, 0x0000000089500000| Untracked 
| 150|0x0000000089600000, 0x0000000089600000, 0x0000000089700000|  0%| F|  |TAMS 0x0000000089600000, 0x0000000089600000| Untracked 
| 151|0x0000000089700000, 0x0000000089700000, 0x0000000089800000|  0%| F|  |TAMS 0x0000000089700000, 0x0000000089700000| Untracked 
| 152|0x0000000089800000, 0x0000000089800000, 0x0000000089900000|  0%| F|  |TAMS 0x0000000089800000, 0x0000000089800000| Untracked 
| 153|0x0000000089900000, 0x0000000089900000, 0x0000000089a00000|  0%| F|  |TAMS 0x0000000089900000, 0x0000000089900000| Untracked 
| 154|0x0000000089a00000, 0x0000000089a00000, 0x0000000089b00000|  0%| F|  |TAMS 0x0000000089a00000, 0x0000000089a00000| Untracked 
| 155|0x0000000089b00000, 0x0000000089b00000, 0x0000000089c00000|  0%| F|  |TAMS 0x0000000089b00000, 0x0000000089b00000| Untracked 
| 156|0x0000000089c00000, 0x0000000089c00000, 0x0000000089d00000|  0%| F|  |TAMS 0x0000000089c00000, 0x0000000089c00000| Untracked 
| 157|0x0000000089d00000, 0x0000000089d00000, 0x0000000089e00000|  0%| F|  |TAMS 0x0000000089d00000, 0x0000000089d00000| Untracked 
| 158|0x0000000089e00000, 0x0000000089e00000, 0x0000000089f00000|  0%| F|  |TAMS 0x0000000089e00000, 0x0000000089e00000| Untracked 
| 159|0x0000000089f00000, 0x0000000089f00000, 0x000000008a000000|  0%| F|  |TAMS 0x0000000089f00000, 0x0000000089f00000| Untracked 
| 160|0x000000008a000000, 0x000000008a000000, 0x000000008a100000|  0%| F|  |TAMS 0x000000008a000000, 0x000000008a000000| Untracked 
| 161|0x000000008a100000, 0x000000008a100000, 0x000000008a200000|  0%| F|  |TAMS 0x000000008a100000, 0x000000008a100000| Untracked 
| 162|0x000000008a200000, 0x000000008a200000, 0x000000008a300000|  0%| F|  |TAMS 0x000000008a200000, 0x000000008a200000| Untracked 
| 163|0x000000008a300000, 0x000000008a300000, 0x000000008a400000|  0%| F|  |TAMS 0x000000008a300000, 0x000000008a300000| Untracked 
| 164|0x000000008a400000, 0x000000008a400000, 0x000000008a500000|  0%| F|  |TAMS 0x000000008a400000, 0x000000008a400000| Untracked 
| 165|0x000000008a500000, 0x000000008a500000, 0x000000008a600000|  0%| F|  |TAMS 0x000000008a500000, 0x000000008a500000| Untracked 
| 166|0x000000008a600000, 0x000000008a600000, 0x000000008a700000|  0%| F|  |TAMS 0x000000008a600000, 0x000000008a600000| Untracked 
| 167|0x000000008a700000, 0x000000008a700000, 0x000000008a800000|  0%| F|  |TAMS 0x000000008a700000, 0x000000008a700000| Untracked 
| 168|0x000000008a800000, 0x000000008a800000, 0x000000008a900000|  0%| F|  |TAMS 0x000000008a800000, 0x000000008a800000| Untracked 
| 169|0x000000008a900000, 0x000000008a900000, 0x000000008aa00000|  0%| F|  |TAMS 0x000000008a900000, 0x000000008a900000| Untracked 
| 170|0x000000008aa00000, 0x000000008aa00000, 0x000000008ab00000|  0%| F|  |TAMS 0x000000008aa00000, 0x000000008aa00000| Untracked 
| 171|0x000000008ab00000, 0x000000008ab00000, 0x000000008ac00000|  0%| F|  |TAMS 0x000000008ab00000, 0x000000008ab00000| Untracked 
| 172|0x000000008ac00000, 0x000000008ac00000, 0x000000008ad00000|  0%| F|  |TAMS 0x000000008ac00000, 0x000000008ac00000| Untracked 
| 173|0x000000008ad00000, 0x000000008adaa138, 0x000000008ae00000| 66%| E|  |TAMS 0x000000008ad00000, 0x000000008ad00000| Complete 
| 174|0x000000008ae00000, 0x000000008af00000, 0x000000008af00000|100%| E|CS|TAMS 0x000000008ae00000, 0x000000008ae00000| Complete 
| 175|0x000000008af00000, 0x000000008b000000, 0x000000008b000000|100%| E|CS|TAMS 0x000000008af00000, 0x000000008af00000| Complete 
| 176|0x000000008b000000, 0x000000008b100000, 0x000000008b100000|100%| E|CS|TAMS 0x000000008b000000, 0x000000008b000000| Complete 
| 177|0x000000008b100000, 0x000000008b200000, 0x000000008b200000|100%| E|CS|TAMS 0x000000008b100000, 0x000000008b100000| Complete 
| 178|0x000000008b200000, 0x000000008b300000, 0x000000008b300000|100%| E|  |TAMS 0x000000008b200000, 0x000000008b200000| Complete 
| 179|0x000000008b300000, 0x000000008b400000, 0x000000008b400000|100%| E|CS|TAMS 0x000000008b300000, 0x000000008b300000| Complete 
| 180|0x000000008b400000, 0x000000008b500000, 0x000000008b500000|100%| E|CS|TAMS 0x000000008b400000, 0x000000008b400000| Complete 
| 181|0x000000008b500000, 0x000000008b600000, 0x000000008b600000|100%| E|CS|TAMS 0x000000008b500000, 0x000000008b500000| Complete 
| 182|0x000000008b600000, 0x000000008b700000, 0x000000008b700000|100%| E|CS|TAMS 0x000000008b600000, 0x000000008b600000| Complete 
| 183|0x000000008b700000, 0x000000008b800000, 0x000000008b800000|100%| E|CS|TAMS 0x000000008b700000, 0x000000008b700000| Complete 
| 184|0x000000008b800000, 0x000000008b900000, 0x000000008b900000|100%| E|CS|TAMS 0x000000008b800000, 0x000000008b800000| Complete 

Card table byte_map: [0x000002e2f99e0000,0x000002e2f9de0000] _byte_map_base: 0x000002e2f95e0000

Marking Bits (Prev, Next): (CMBitMap*) 0x000002e2e64ac760, (CMBitMap*) 0x000002e2e64ac728
 Prev Bits: [0x000002e2fc1e0000, 0x000002e2fe1e0000)
 Next Bits: [0x000002e2fa1e0000, 0x000002e2fc1e0000)

Polling page: 0x000002e2e6550000

Metaspace:

Usage:
  Non-class:     82.24 MB capacity,    80.87 MB ( 98%) used,     1.11 MB (  1%) free+waste,   269.25 KB ( <1%) overhead. 
      Class:     12.65 MB capacity,    11.84 MB ( 94%) used,   716.56 KB (  6%) free+waste,   118.13 KB ( <1%) overhead. 
       Both:     94.89 MB capacity,    92.70 MB ( 98%) used,     1.81 MB (  2%) free+waste,   387.38 KB ( <1%) overhead. 

Virtual space:
  Non-class space:       84.00 MB reserved,      82.31 MB ( 98%) committed 
      Class space:        1.00 GB reserved,      12.66 MB (  1%) committed 
             Both:        1.08 GB reserved,      94.96 MB (  9%) committed 

Chunk freelists:
   Non-Class:  10.00 KB
       Class:  0 bytes
        Both:  10.00 KB

MaxMetaspaceSize: 17179869184.00 GB
CompressedClassSpaceSize: 1.00 GB
Initial GC threshold: 20.80 MB
Current GC threshold: 98.90 MB
CDS: off

CodeHeap 'non-profiled nmethods': size=120064Kb used=7870Kb max_used=7870Kb free=112193Kb
 bounds [0x000002e2f1a70000, 0x000002e2f2220000, 0x000002e2f8fb0000]
CodeHeap 'profiled nmethods': size=120000Kb used=27992Kb max_used=27992Kb free=92007Kb
 bounds [0x000002e2ea540000, 0x000002e2ec0a0000, 0x000002e2f1a70000]
CodeHeap 'non-nmethods': size=5696Kb used=2385Kb max_used=2438Kb free=3310Kb
 bounds [0x000002e2e9fb0000, 0x000002e2ea220000, 0x000002e2ea540000]
 total_blobs=13549 nmethods=12640 adapters=822
 compilation: enabled
              stopped_count=0, restarted_count=0
 full_count=0

Compilation events (20 events):
Event: 2012.199 Thread 0x000002e2fe857800 12662       3       org.gradle.api.plugins.BasePlugin$$Lambda$623/0x000000010078e440::get$Lambda (10 bytes)
Event: 2012.199 Thread 0x000002e2fe857800 nmethod 12662 0x000002e2ec086510 code [0x000002e2ec0866e0, 0x000002e2ec086998]
Event: 2012.201 Thread 0x000002e2fe857800 12663       3       org.gradle.api.internal.artifacts.configurations.DefaultConfiguration_Decorated::setVisible (12 bytes)
Event: 2012.202 Thread 0x000002e2fe857800 nmethod 12663 0x000002e2ec086a90 code [0x000002e2ec086c80, 0x000002e2ec086ff8]
Event: 2012.203 Thread 0x000002e2fe857800 12664       3       com.android.build.gradle.internal.api.DefaultAndroidSourceDirectorySet::setSrcDirs (278 bytes)
Event: 2012.206 Thread 0x000002e2fe857800 nmethod 12664 0x000002e2ec087190 code [0x000002e2ec087680, 0x000002e2ec08a148]
Event: 2012.209 Thread 0x000002e2fe857800 12666       3       com.android.build.gradle.internal.api.DefaultAndroidSourceDirectorySet::<init> (86 bytes)
Event: 2012.212 Thread 0x000002e2fe857800 nmethod 12666 0x000002e2ec08ae10 code [0x000002e2ec08b240, 0x000002e2ec08cf58]
Event: 2012.216 Thread 0x000002e2fe857800 12667       3       org.gradle.invocation.DefaultGradle_Decorated::getIdentityPath (39 bytes)
Event: 2012.217 Thread 0x000002e2fe857800 nmethod 12667 0x000002e2ec08d890 code [0x000002e2ec08dba0, 0x000002e2ec08efe8]
Event: 2012.224 Thread 0x000002e2fe857800 12668       3       org.gradle.util.internal.DefaultGradleVersion::isCommitVersion (11 bytes)
Event: 2012.225 Thread 0x000002e2fe857800 nmethod 12668 0x000002e2ec08f510 code [0x000002e2ec08f6e0, 0x000002e2ec08f858]
Event: 2012.234 Thread 0x000002e2fe857800 12669       3       org.gradle.api.internal.GeneratedSubclasses::unpackType (22 bytes)
Event: 2012.235 Thread 0x000002e2fe857800 nmethod 12669 0x000002e2ec08f990 code [0x000002e2ec08fb60, 0x000002e2ec08ff88]
Event: 2012.237 Thread 0x000002e2ff090800 nmethod 12548 0x000002e2f2217a90 code [0x000002e2f2217ee0, 0x000002e2f221aa98]
Event: 2012.238 Thread 0x000002e2ff090800 12665 %     4       org.apache.commons.lang.StringUtils::containsAny @ 54 (128 bytes)
Event: 2012.239 Thread 0x000002e2fe857800 12670       3       java.lang.Integer::toHexString (6 bytes)
Event: 2012.239 Thread 0x000002e2fe857800 nmethod 12670 0x000002e2ec090090 code [0x000002e2ec090240, 0x000002e2ec090348]
Event: 2012.239 Thread 0x000002e2fe857800 12671       3       java.lang.Integer::toUnsignedString0 (78 bytes)
Event: 2012.240 Thread 0x000002e2fe857800 nmethod 12671 0x000002e2ec090410 code [0x000002e2ec090600, 0x000002e2ec090a58]

GC Heap History (20 events):
Event: 14.380 GC heap before
{Heap before GC invocations=11 (full 0):
 garbage-first heap   total 189440K, used 141297K [0x0000000080000000, 0x0000000100000000)
  region size 1024K, 107 young (109568K), 9 survivors (9216K)
 Metaspace       used 57390K, capacity 58885K, committed 59216K, reserved 1101824K
  class space    used 7184K, capacity 7716K, committed 7840K, reserved 1048576K
}
Event: 14.402 GC heap after
{Heap after GC invocations=12 (full 0):
 garbage-first heap   total 189440K, used 51415K [0x0000000080000000, 0x0000000100000000)
  region size 1024K, 14 young (14336K), 14 survivors (14336K)
 Metaspace       used 57390K, capacity 58885K, committed 59216K, reserved 1101824K
  class space    used 7184K, capacity 7716K, committed 7840K, reserved 1048576K
}
Event: 14.744 GC heap before
{Heap before GC invocations=12 (full 0):
 garbage-first heap   total 189440K, used 61655K [0x0000000080000000, 0x0000000100000000)
  region size 1024K, 25 young (25600K), 14 survivors (14336K)
 Metaspace       used 59033K, capacity 60499K, committed 60508K, reserved 1101824K
  class space    used 7418K, capacity 7959K, committed 7968K, reserved 1048576K
}
Event: 14.771 GC heap after
{Heap after GC invocations=13 (full 0):
 garbage-first heap   total 189440K, used 53203K [0x0000000080000000, 0x0000000100000000)
  region size 1024K, 2 young (2048K), 2 survivors (2048K)
 Metaspace       used 59033K, capacity 60499K, committed 60508K, reserved 1101824K
  class space    used 7418K, capacity 7959K, committed 7968K, reserved 1048576K
}
Event: 16.982 GC heap before
{Heap before GC invocations=14 (full 0):
 garbage-first heap   total 189440K, used 153555K [0x0000000080000000, 0x0000000100000000)
  region size 1024K, 93 young (95232K), 2 survivors (2048K)
 Metaspace       used 66855K, capacity 68449K, committed 68572K, reserved 1110016K
  class space    used 8406K, capacity 9014K, committed 9120K, reserved 1048576K
}
Event: 16.997 GC heap after
{Heap after GC invocations=15 (full 0):
 garbage-first heap   total 189440K, used 58509K [0x0000000080000000, 0x0000000100000000)
  region size 1024K, 8 young (8192K), 8 survivors (8192K)
 Metaspace       used 66855K, capacity 68449K, committed 68572K, reserved 1110016K
  class space    used 8406K, capacity 9014K, committed 9120K, reserved 1048576K
}
Event: 18.707 GC heap before
{Heap before GC invocations=15 (full 0):
 garbage-first heap   total 189440K, used 146573K [0x0000000080000000, 0x0000000100000000)
  region size 1024K, 94 young (96256K), 8 survivors (8192K)
 Metaspace       used 72218K, capacity 73777K, committed 73948K, reserved 1114112K
  class space    used 9231K, capacity 9826K, committed 9888K, reserved 1048576K
}
Event: 18.726 GC heap after
{Heap after GC invocations=16 (full 0):
 garbage-first heap   total 189440K, used 64381K [0x0000000080000000, 0x0000000100000000)
  region size 1024K, 6 young (6144K), 6 survivors (6144K)
 Metaspace       used 72218K, capacity 73777K, committed 73948K, reserved 1114112K
  class space    used 9231K, capacity 9826K, committed 9888K, reserved 1048576K
}
Event: 20.825 GC heap before
{Heap before GC invocations=16 (full 0):
 garbage-first heap   total 189440K, used 149373K [0x0000000080000000, 0x0000000100000000)
  region size 1024K, 89 young (91136K), 6 survivors (6144K)
 Metaspace       used 81024K, capacity 82737K, committed 82908K, reserved 1122304K
  class space    used 10455K, capacity 11112K, committed 11168K, reserved 1048576K
}
Event: 20.846 GC heap after
{Heap after GC invocations=17 (full 0):
 garbage-first heap   total 189440K, used 69183K [0x0000000080000000, 0x0000000100000000)
  region size 1024K, 11 young (11264K), 11 survivors (11264K)
 Metaspace       used 81024K, capacity 82737K, committed 82908K, reserved 1122304K
  class space    used 10455K, capacity 11112K, committed 11168K, reserved 1048576K
}
Event: 24.028 GC heap before
{Heap before GC invocations=17 (full 0):
 garbage-first heap   total 189440K, used 151103K [0x0000000080000000, 0x0000000100000000)
  region size 1024K, 91 young (93184K), 11 survivors (11264K)
 Metaspace       used 85796K, capacity 87840K, committed 88028K, reserved 1126400K
  class space    used 11147K, capacity 11935K, committed 11936K, reserved 1048576K
}
Event: 24.053 GC heap after
{Heap after GC invocations=18 (full 0):
 garbage-first heap   total 189440K, used 76324K [0x0000000080000000, 0x0000000100000000)
  region size 1024K, 12 young (12288K), 12 survivors (12288K)
 Metaspace       used 85796K, capacity 87840K, committed 88028K, reserved 1126400K
  class space    used 11147K, capacity 11935K, committed 11936K, reserved 1048576K
}
Event: 25.990 GC heap before
{Heap before GC invocations=18 (full 0):
 garbage-first heap   total 189440K, used 152100K [0x0000000080000000, 0x0000000100000000)
  region size 1024K, 87 young (89088K), 12 survivors (12288K)
 Metaspace       used 87184K, capacity 89233K, committed 89436K, reserved 1126400K
  class space    used 11260K, capacity 12040K, committed 12064K, reserved 1048576K
}
Event: 26.016 GC heap after
{Heap after GC invocations=19 (full 0):
 garbage-first heap   total 189440K, used 81864K [0x0000000080000000, 0x0000000100000000)
  region size 1024K, 7 young (7168K), 7 survivors (7168K)
 Metaspace       used 87184K, capacity 89233K, committed 89436K, reserved 1126400K
  class space    used 11260K, capacity 12040K, committed 12064K, reserved 1048576K
}
Event: 27.181 GC heap before
{Heap before GC invocations=19 (full 0):
 garbage-first heap   total 189440K, used 152520K [0x0000000080000000, 0x0000000100000000)
  region size 1024K, 77 young (78848K), 7 survivors (7168K)
 Metaspace       used 92264K, capacity 94364K, committed 94428K, reserved 1130496K
  class space    used 11886K, capacity 12681K, committed 12704K, reserved 1048576K
}
Event: 27.195 GC heap after
{Heap after GC invocations=20 (full 0):
 garbage-first heap   total 189440K, used 84867K [0x0000000080000000, 0x0000000100000000)
  region size 1024K, 3 young (3072K), 3 survivors (3072K)
 Metaspace       used 92264K, capacity 94364K, committed 94428K, reserved 1130496K
  class space    used 11886K, capacity 12681K, committed 12704K, reserved 1048576K
}
Event: 28.919 GC heap before
{Heap before GC invocations=20 (full 0):
 garbage-first heap   total 189440K, used 155523K [0x0000000080000000, 0x0000000100000000)
  region size 1024K, 73 young (74752K), 3 survivors (3072K)
 Metaspace       used 93754K, capacity 95880K, committed 96220K, reserved 1132544K
  class space    used 12048K, capacity 12875K, committed 12960K, reserved 1048576K
}
Event: 28.935 GC heap after
{Heap after GC invocations=21 (full 0):
 garbage-first heap   total 189440K, used 89501K [0x0000000080000000, 0x0000000100000000)
  region size 1024K, 8 young (8192K), 8 survivors (8192K)
 Metaspace       used 93754K, capacity 95880K, committed 96220K, reserved 1132544K
  class space    used 12048K, capacity 12875K, committed 12960K, reserved 1048576K
}
Event: 2011.662 GC heap before
{Heap before GC invocations=21 (full 0):
 garbage-first heap   total 189440K, used 157085K [0x0000000080000000, 0x0000000100000000)
  region size 1024K, 74 young (75776K), 8 survivors (8192K)
 Metaspace       used 94803K, capacity 97070K, committed 97244K, reserved 1134592K
  class space    used 12118K, capacity 12951K, committed 12960K, reserved 1048576K
}
Event: 2011.680 GC heap after
{Heap after GC invocations=22 (full 0):
 garbage-first heap   total 189440K, used 91568K [0x0000000080000000, 0x0000000100000000)
  region size 1024K, 7 young (7168K), 7 survivors (7168K)
 Metaspace       used 94803K, capacity 97070K, committed 97244K, reserved 1134592K
  class space    used 12118K, capacity 12951K, committed 12960K, reserved 1048576K
}

Deoptimization events (20 events):
Event: 2011.430 Thread 0x000002e286743800 DEOPT PACKING pc=0x000002e2f2012214 sp=0x000000f0bfdf9940
Event: 2011.430 Thread 0x000002e286743800 DEOPT UNPACKING pc=0x000002e2e9ffa1af sp=0x000000f0bfdf9908 mode 2
Event: 2011.430 Thread 0x000002e286743800 Uncommon trap: trap_request=0xffffffc6 fr.pc=0x000002e2f2012214 relative=0x0000000000000734
Event: 2011.430 Thread 0x000002e286743800 Uncommon trap: reason=bimorphic_or_optimized_type_check action=maybe_recompile pc=0x000002e2f2012214 method=org.gradle.internal.operations.DefaultBuildOperationListenerManager$ProgressShieldingBuildOperationListener.finished(Lorg/gradle/internal/operation
Event: 2011.431 Thread 0x000002e286743800 DEOPT PACKING pc=0x000002e2f2012214 sp=0x000000f0bfdfae80
Event: 2011.431 Thread 0x000002e286743800 DEOPT UNPACKING pc=0x000002e2e9ffa1af sp=0x000000f0bfdfae48 mode 2
Event: 2011.471 Thread 0x000002e286743800 Uncommon trap: trap_request=0xffffffde fr.pc=0x000002e2f209d5dc relative=0x000000000000059c
Event: 2011.471 Thread 0x000002e286743800 Uncommon trap: reason=class_check action=maybe_recompile pc=0x000002e2f209d5dc method=org.gradle.cache.internal.LockOnDemandCrossProcessCacheAccess.incrementLockCount()V @ 97 c2
Event: 2011.471 Thread 0x000002e286743800 DEOPT PACKING pc=0x000002e2f209d5dc sp=0x000000f0bfdf73f0
Event: 2011.471 Thread 0x000002e286743800 DEOPT UNPACKING pc=0x000002e2e9ffa1af sp=0x000000f0bfdf73a0 mode 2
Event: 2011.495 Thread 0x000002e286743800 DEOPT PACKING pc=0x000002e2eadc8624 sp=0x000000f0bfdf8540
Event: 2011.495 Thread 0x000002e286743800 DEOPT UNPACKING pc=0x000002e2e9ffa95e sp=0x000000f0bfdf7a00 mode 0
Event: 2012.042 Thread 0x000002e28673c000 Uncommon trap: trap_request=0xffffff4d fr.pc=0x000002e2f2056b14 relative=0x0000000000000a14
Event: 2012.042 Thread 0x000002e28673c000 Uncommon trap: reason=unstable_if action=reinterpret pc=0x000002e2f2056b14 method=java.util.concurrent.ConcurrentLinkedQueue.poll()Ljava/lang/Object; @ 24 c2
Event: 2012.042 Thread 0x000002e28673c000 DEOPT PACKING pc=0x000002e2f2056b14 sp=0x000000f0c14fe8a0
Event: 2012.042 Thread 0x000002e28673c000 DEOPT UNPACKING pc=0x000002e2e9ffa1af sp=0x000000f0c14fe7e8 mode 2
Event: 2012.144 Thread 0x000002e286743800 Uncommon trap: trap_request=0xffffffde fr.pc=0x000002e2f2080e98 relative=0x0000000000000058
Event: 2012.144 Thread 0x000002e286743800 Uncommon trap: reason=class_check action=maybe_recompile pc=0x000002e2f2080e98 method=java.lang.invoke.Invokers$Holder.linkToTargetMethod(Ljava/lang/Object;Ljava/lang/Object;Ljava/lang/Object;Ljava/lang/Object;)Ljava/lang/Object; @ 1 c2
Event: 2012.144 Thread 0x000002e286743800 DEOPT PACKING pc=0x000002e2f2080e98 sp=0x000000f0bfdf6590
Event: 2012.144 Thread 0x000002e286743800 DEOPT UNPACKING pc=0x000002e2e9ffa1af sp=0x000000f0bfdf6520 mode 2

Classes redefined (0 events):
No events

Internal exceptions (20 events):
Event: 22.342 Thread 0x000002e283693000 Exception <a 'java/lang/NoSuchMethodError'{0x00000000889fec08}: <clinit>> (0x00000000889fec08) thrown at [./src/hotspot/share/prims/jni.cpp, line 1366]
Event: 22.367 Thread 0x000002e282c0d800 Exception <a 'java/lang/NoSuchMethodError'{0x00000000888405d8}: 'int java.lang.invoke.DirectMethodHandle$Holder.invokeSpecial(java.lang.Object, java.lang.Object, java.lang.Object, java.lang.Object, java.lang.Object)'> (0x00000000888405d8) thrown at [./src/hotspot/share/interpreter/linkResolver.cpp, line 773]
Event: 23.301 Thread 0x000002e282c09800 Exception <a 'java/lang/NoSuchMethodError'{0x0000000088194420}: 'void java.lang.invoke.DirectMethodHandle$Holder.invokeStatic(java.lang.Object, java.lang.Object, java.lang.Object, java.lang.Object, int, java.lang.Object, java.lang.Object)'> (0x0000000088194420) thrown at [./src/hotspot/share/interpreter/linkResolver.cpp, line 773]
Event: 23.352 Thread 0x000002e28261c800 Exception <a 'java/lang/NoSuchMethodError'{0x0000000087df7d78}: 'java.lang.Object java.lang.invoke.DirectMethodHandle$Holder.invokeSpecialIFC(java.lang.Object, java.lang.Object, java.lang.Object)'> (0x0000000087df7d78) thrown at [./src/hotspot/share/interpreter/linkResolver.cpp, line 773]
Event: 23.352 Thread 0x000002e282c09800 Exception <a 'java/lang/NoSuchMethodError'{0x0000000087ddda88}: 'java.lang.Object java.lang.invoke.DirectMethodHandle$Holder.invokeSpecialIFC(java.lang.Object, java.lang.Object, java.lang.Object)'> (0x0000000087ddda88) thrown at [./src/hotspot/share/interpreter/linkResolver.cpp, line 773]
Event: 23.353 Thread 0x000002e282c08800 Exception <a 'java/lang/NoSuchMethodError'{0x0000000087c002f8}: 'java.lang.Object java.lang.invoke.DirectMethodHandle$Holder.invokeSpecialIFC(java.lang.Object, java.lang.Object, java.lang.Object)'> (0x0000000087c002f8) thrown at [./src/hotspot/share/interpreter/linkResolver.cpp, line 773]
Event: 23.353 Thread 0x000002e28674a800 Exception <a 'java/lang/NoSuchMethodError'{0x0000000087df0110}: 'java.lang.Object java.lang.invoke.DirectMethodHandle$Holder.invokeSpecialIFC(java.lang.Object, java.lang.Object, java.lang.Object)'> (0x0000000087df0110) thrown at [./src/hotspot/share/interpreter/linkResolver.cpp, line 773]
Event: 24.243 Thread 0x000002e282c07800 Exception <a 'java/lang/NoSuchMethodError'{0x000000008b3cb928}: 'void java.lang.invoke.DirectMethodHandle$Holder.invokeVirtual(java.lang.Object, java.lang.Object)'> (0x000000008b3cb928) thrown at [./src/hotspot/share/interpreter/linkResolver.cpp, line 773]
Event: 24.814 Thread 0x000002e282c09800 Exception <a 'java/lang/NoSuchMethodError'{0x0000000089e6aae0}: 'void java.lang.invoke.DirectMethodHandle$Holder.invokeInterface(java.lang.Object, java.lang.Object, java.lang.Object, java.lang.Object)'> (0x0000000089e6aae0) thrown at [./src/hotspot/share/interpreter/linkResolver.cpp, line 773]
Event: 25.303 Thread 0x000002e282c09800 Exception <a 'java/lang/NoSuchMethodError'{0x0000000088ed83a8}: <clinit>> (0x0000000088ed83a8) thrown at [./src/hotspot/share/prims/jni.cpp, line 1366]
Event: 25.303 Thread 0x000002e282c09800 Exception <a 'java/lang/NoSuchMethodError'{0x0000000088ed9c20}: <clinit>> (0x0000000088ed9c20) thrown at [./src/hotspot/share/prims/jni.cpp, line 1366]
Event: 25.303 Thread 0x000002e282c09800 Exception <a 'java/lang/NoSuchMethodError'{0x0000000088edc820}: <clinit>> (0x0000000088edc820) thrown at [./src/hotspot/share/prims/jni.cpp, line 1366]
Event: 25.305 Thread 0x000002e282c09800 Exception <a 'java/lang/NoSuchMethodError'{0x0000000088ef3618}: <clinit>> (0x0000000088ef3618) thrown at [./src/hotspot/share/prims/jni.cpp, line 1366]
Event: 25.305 Thread 0x000002e282c09800 Exception <a 'java/lang/NoSuchMethodError'{0x0000000088ef4850}: <clinit>> (0x0000000088ef4850) thrown at [./src/hotspot/share/prims/jni.cpp, line 1366]
Event: 28.887 Thread 0x000002e283692800 Exception <a 'sun/nio/fs/WindowsException'{0x00000000874fa528}> (0x00000000874fa528) thrown at [./src/hotspot/share/prims/jni.cpp, line 616]
Event: 28.887 Thread 0x000002e283692800 Exception <a 'sun/nio/fs/WindowsException'{0x00000000874fa5a8}> (0x00000000874fa5a8) thrown at [./src/hotspot/share/prims/jni.cpp, line 616]
Event: 28.889 Thread 0x000002e283692800 Exception <a 'sun/nio/fs/WindowsException'{0x000000008730d648}> (0x000000008730d648) thrown at [./src/hotspot/share/prims/jni.cpp, line 616]
Event: 33.002 Thread 0x000002e2ff76c800 Implicit null exception at 0x000002e2f1d94af7 to 0x000002e2f1d95100
Event: 33.003 Thread 0x000002e2ff76c800 Implicit null exception at 0x000002e2f1db4e74 to 0x000002e2f1db549c
Event: 2012.153 Thread 0x000002e286743800 Exception <a 'sun/nio/fs/WindowsException'{0x000000008ae143e0}> (0x000000008ae143e0) thrown at [./src/hotspot/share/prims/jni.cpp, line 616]

Events (20 events):
Event: 2012.146 Executing VM operation: RevokeBias
Event: 2012.146 Executing VM operation: RevokeBias done
Event: 2012.177 Executing VM operation: RevokeBias
Event: 2012.177 Executing VM operation: RevokeBias done
Event: 2012.177 Executing VM operation: RevokeBias
Event: 2012.178 Executing VM operation: RevokeBias done
Event: 2012.219 Executing VM operation: RevokeBias
Event: 2012.220 Executing VM operation: RevokeBias done
Event: 2012.221 Executing VM operation: RevokeBias
Event: 2012.221 Executing VM operation: RevokeBias done
Event: 2012.222 Executing VM operation: RevokeBias
Event: 2012.222 Executing VM operation: RevokeBias done
Event: 2012.222 Executing VM operation: RevokeBias
Event: 2012.222 Executing VM operation: RevokeBias done
Event: 2012.226 Executing VM operation: RevokeBias
Event: 2012.227 Executing VM operation: RevokeBias done
Event: 2012.229 Executing VM operation: RevokeBias
Event: 2012.229 Executing VM operation: RevokeBias done
Event: 2012.230 Executing VM operation: RevokeBias
Event: 2012.230 Executing VM operation: RevokeBias done


Dynamic libraries:
0x00007ff7577d0000 - 0x00007ff7577da000 	C:\Program Files\Android\Android Studio\jre\bin\java.exe
0x00007ff893910000 - 0x00007ff893b08000 	C:\WINDOWS\SYSTEM32\ntdll.dll
0x00007ff892cd0000 - 0x00007ff892d8d000 	C:\WINDOWS\System32\KERNEL32.DLL
0x00007ff891690000 - 0x00007ff891962000 	C:\WINDOWS\System32\KERNELBASE.dll
0x00007ff891230000 - 0x00007ff891330000 	C:\WINDOWS\System32\ucrtbase.dll
0x00007ff87b210000 - 0x00007ff87b229000 	C:\Program Files\Android\Android Studio\jre\bin\jli.dll
0x00007ff87b350000 - 0x00007ff87b367000 	C:\Program Files\Android\Android Studio\jre\bin\VCRUNTIME140.dll
0x00007ff892330000 - 0x00007ff8924cd000 	C:\WINDOWS\System32\USER32.dll
0x00007ff8915c0000 - 0x00007ff8915e2000 	C:\WINDOWS\System32\win32u.dll
0x00007ff87c0d0000 - 0x00007ff87c36a000 	C:\WINDOWS\WinSxS\amd64_microsoft.windows.common-controls_6595b64144ccf1df_6.0.19041.1110_none_60b5254171f9507e\COMCTL32.dll
0x00007ff8930d0000 - 0x00007ff8930fb000 	C:\WINDOWS\System32\GDI32.dll
0x00007ff891ce0000 - 0x00007ff891d7e000 	C:\WINDOWS\System32\msvcrt.dll
0x00007ff8910b0000 - 0x00007ff8911bf000 	C:\WINDOWS\System32\gdi32full.dll
0x00007ff8915f0000 - 0x00007ff89168d000 	C:\WINDOWS\System32\msvcp_win.dll
0x00007ff891cb0000 - 0x00007ff891ce0000 	C:\WINDOWS\System32\IMM32.DLL
0x00007ff869460000 - 0x00007ff8694fd000 	C:\Program Files\Android\Android Studio\jre\bin\msvcp140.dll
0x00007ff853ef0000 - 0x00007ff8549f2000 	C:\Program Files\Android\Android Studio\jre\bin\server\jvm.dll
0x00007ff893820000 - 0x00007ff8938ce000 	C:\WINDOWS\System32\ADVAPI32.dll
0x00007ff893420000 - 0x00007ff8934bc000 	C:\WINDOWS\System32\sechost.dll
0x00007ff891d80000 - 0x00007ff891ea5000 	C:\WINDOWS\System32\RPCRT4.dll
0x00007ff891eb0000 - 0x00007ff891eb8000 	C:\WINDOWS\System32\PSAPI.DLL
0x00007ff8877d0000 - 0x00007ff8877f7000 	C:\WINDOWS\SYSTEM32\WINMM.dll
0x00007ff88b3a0000 - 0x00007ff88b3aa000 	C:\WINDOWS\SYSTEM32\VERSION.dll
0x00007ff88ca70000 - 0x00007ff88ca79000 	C:\WINDOWS\SYSTEM32\WSOCK32.dll
0x00007ff893220000 - 0x00007ff89328b000 	C:\WINDOWS\System32\WS2_32.dll
0x00007ff88ef00000 - 0x00007ff88ef12000 	C:\WINDOWS\SYSTEM32\kernel.appcore.dll
0x00007ff8888d0000 - 0x00007ff8888e1000 	C:\Program Files\Android\Android Studio\jre\bin\verify.dll
0x00007ff87f5c0000 - 0x00007ff87f7a4000 	C:\WINDOWS\SYSTEM32\DBGHELP.DLL
0x00007ff879a90000 - 0x00007ff879abc000 	C:\WINDOWS\SYSTEM32\dbgcore.DLL
0x00007ff891020000 - 0x00007ff8910a2000 	C:\WINDOWS\System32\bcryptPrimitives.dll
0x00007ff8883f0000 - 0x00007ff888419000 	C:\Program Files\Android\Android Studio\jre\bin\java.dll
0x00007ff888980000 - 0x00007ff88898b000 	C:\Program Files\Android\Android Studio\jre\bin\jimage.dll
0x00007ff8871b0000 - 0x00007ff8871c8000 	C:\Program Files\Android\Android Studio\jre\bin\zip.dll
0x00007ff892580000 - 0x00007ff892cc3000 	C:\WINDOWS\System32\SHELL32.dll
0x00007ff88f100000 - 0x00007ff88f891000 	C:\WINDOWS\SYSTEM32\windows.storage.dll
0x00007ff8934c0000 - 0x00007ff893814000 	C:\WINDOWS\System32\combase.dll
0x00007ff890a80000 - 0x00007ff890ab0000 	C:\WINDOWS\SYSTEM32\Wldp.dll
0x00007ff892e70000 - 0x00007ff892f1d000 	C:\WINDOWS\System32\SHCORE.dll
0x00007ff891bf0000 - 0x00007ff891c45000 	C:\WINDOWS\System32\shlwapi.dll
0x00007ff890f60000 - 0x00007ff890f7f000 	C:\WINDOWS\SYSTEM32\profapi.dll
0x00007ff886cc0000 - 0x00007ff886cda000 	C:\Program Files\Android\Android Studio\jre\bin\net.dll
0x00007ff889950000 - 0x00007ff889a5d000 	C:\WINDOWS\SYSTEM32\WINHTTP.dll
0x00007ff890770000 - 0x00007ff8907da000 	C:\WINDOWS\system32\mswsock.dll
0x00007ff886ca0000 - 0x00007ff886cb4000 	C:\Program Files\Android\Android Studio\jre\bin\nio.dll
0x00007ff876a50000 - 0x00007ff876a77000 	C:\Users\palam\.gradle\native\e1d6ef7f7dcc3fd88c89a11ec53ec762bb8ba0a96d01ffa2cd45eb1d1d8dd5c5\windows-amd64\native-platform.dll
0x00007ff8561c0000 - 0x00007ff856304000 	C:\Users\palam\.gradle\native\0d407fdbe67a94daf76414ababcb853783967236a71b16ec16e742cd7a986fd3\windows-amd64\native-platform-file-events.dll
0x00007ff885200000 - 0x00007ff88520a000 	C:\Program Files\Android\Android Studio\jre\bin\management.dll
0x00007ff8851f0000 - 0x00007ff8851fd000 	C:\Program Files\Android\Android Studio\jre\bin\management_ext.dll
0x00007ff890990000 - 0x00007ff8909a8000 	C:\WINDOWS\SYSTEM32\CRYPTSP.dll
0x00007ff890020000 - 0x00007ff890054000 	C:\WINDOWS\system32\rsaenh.dll
0x00007ff891330000 - 0x00007ff891357000 	C:\WINDOWS\System32\bcrypt.dll
0x00007ff890f20000 - 0x00007ff890f4e000 	C:\WINDOWS\SYSTEM32\USERENV.dll
0x00007ff890980000 - 0x00007ff89098c000 	C:\WINDOWS\SYSTEM32\CRYPTBASE.dll
0x00007ff8903f0000 - 0x00007ff89042b000 	C:\WINDOWS\SYSTEM32\IPHLPAPI.DLL
0x00007ff891970000 - 0x00007ff891978000 	C:\WINDOWS\System32\NSI.dll
0x00007ff88b3b0000 - 0x00007ff88b3c7000 	C:\WINDOWS\SYSTEM32\dhcpcsvc6.DLL
0x00007ff88b1b0000 - 0x00007ff88b1cd000 	C:\WINDOWS\SYSTEM32\dhcpcsvc.DLL
0x00007ff890430000 - 0x00007ff8904fa000 	C:\WINDOWS\SYSTEM32\DNSAPI.dll

dbghelp: loaded successfully - version: 4.0.5 - missing functions: none
symbol engine: initialized successfully - sym options: 0x614 - pdb path: .;C:\Program Files\Android\Android Studio\jre\bin;C:\WINDOWS\SYSTEM32;C:\WINDOWS\WinSxS\amd64_microsoft.windows.common-controls_6595b64144ccf1df_6.0.19041.1110_none_60b5254171f9507e;C:\Program Files\Android\Android Studio\jre\bin\server;C:\Users\palam\.gradle\native\e1d6ef7f7dcc3fd88c89a11ec53ec762bb8ba0a96d01ffa2cd45eb1d1d8dd5c5\windows-amd64;C:\Users\palam\.gradle\native\0d407fdbe67a94daf76414ababcb853783967236a71b16ec16e742cd7a986fd3\windows-amd64

VM Arguments:
jvm_args: --add-opens=java.base/java.util=ALL-UNNAMED --add-opens=java.base/java.lang=ALL-UNNAMED --add-opens=java.base/java.lang.invoke=ALL-UNNAMED --add-opens=java.base/java.util=ALL-UNNAMED --add-opens=java.prefs/java.util.prefs=ALL-UNNAMED --add-opens=java.prefs/java.util.prefs=ALL-UNNAMED --add-opens=java.base/java.nio.charset=ALL-UNNAMED --add-opens=java.base/java.net=ALL-UNNAMED --add-opens=java.base/java.util.concurrent.atomic=ALL-UNNAMED -Xmx2048m -Dfile.encoding=UTF-8 -Duser.country=US -Duser.language=en -Duser.variant 
java_command: org.gradle.launcher.daemon.bootstrap.GradleDaemon 7.4
java_class_path (initial): C:\Users\palam\.gradle\wrapper\dists\gradle-7.4-bin\c0gwcg53nkjbqw7r0h0umtfvt\gradle-7.4\lib\gradle-launcher-7.4.jar
Launcher Type: SUN_STANDARD

[Global flags]
     intx CICompilerCount                          = 3                                         {product} {ergonomic}
     uint ConcGCThreads                            = 1                                         {product} {ergonomic}
     uint G1ConcRefinementThreads                  = 4                                         {product} {ergonomic}
   size_t G1HeapRegionSize                         = 1048576                                   {product} {ergonomic}
    uintx GCDrainStackTargetSize                   = 64                                        {product} {ergonomic}
   size_t InitialHeapSize                          = 134217728                                 {product} {ergonomic}
   size_t MarkStackSize                            = 4194304                                   {product} {ergonomic}
   size_t MaxHeapSize                              = 2147483648                                {product} {command line}
   size_t MaxNewSize                               = 1287651328                                {product} {ergonomic}
   size_t MinHeapDeltaBytes                        = 1048576                                   {product} {ergonomic}
    uintx NonNMethodCodeHeapSize                   = 5830732                                {pd product} {ergonomic}
    uintx NonProfiledCodeHeapSize                  = 122913754                              {pd product} {ergonomic}
    uintx ProfiledCodeHeapSize                     = 122913754                              {pd product} {ergonomic}
    uintx ReservedCodeCacheSize                    = 251658240                              {pd product} {ergonomic}
     bool SegmentedCodeCache                       = true                                      {product} {ergonomic}
     bool UseCompressedClassPointers               = true                                 {lp64_product} {ergonomic}
     bool UseCompressedOops                        = true                                 {lp64_product} {ergonomic}
     bool UseG1GC                                  = true                                      {product} {ergonomic}
     bool UseLargePagesIndividualAllocation        = false                                  {pd product} {ergonomic}

Logging:
Log output configuration:
 #0: stdout all=warning uptime,level,tags
 #1: stderr all=off uptime,level,tags

Environment Variables:
PATH=C:\Users\palam\AppData\Local\Yandex\YandexBrowser\Application;C:\Program Files (x86)\Common Files\Oracle\Java\javapath;C:\WINDOWS\system32;C:\WINDOWS;C:\WINDOWS\System32\Wbem;C:\WINDOWS\System32\WindowsPowerShell\v1.0\;C:\WINDOWS\System32\OpenSSH\;C:\Program Files (x86)\NVIDIA Corporation\PhysX\Common;C:\Program Files\Git\cmd;C:\Users\palam\AppData\Local\Microsoft\WindowsApps;C:\Users\palam\AppData\Local\GitHubDesktop\bin;F:\Prorgramms\Microsoft VS Code\bin
USERNAME=CyberPalamar
OS=Windows_NT
PROCESSOR_IDENTIFIER=AMD64 Family 21 Model 19 Stepping 1, AuthenticAMD



---------------  S Y S T E M  ---------------

OS: Windows 10 , 64 bit Build 19041 (10.0.19041.1889)
OS uptime: 0 days 1:47 hours

CPU:total 4 (initial active 4) (4 cores per cpu, 1 threads per core) family 21 model 19 stepping 1 microcode 0x0, cmov, cx8, fxsr, mmx, sse, sse2, sse3, ssse3, sse4.1, sse4.2, popcnt, avx, aes, clmul, mmxext, 3dnowpref, lzcnt, sse4a, tsc, tscinvbit, tscinv, bmi1, fma

Memory: 4k page, system-wide physical 8150M (1617M free)
TotalPageFile size 8150M (AvailPageFile size 3M)
current process WorkingSet (physical memory assigned to process): 433M, peak: 451M
current process commit charge ("private bytes"): 473M, peak: 481M

vm_info: OpenJDK 64-Bit Server VM (11.0.13+0-b1751.21-8125866) for windows-amd64 JRE (11.0.13+0-b1751.21-8125866), built on Feb  2 2022 03:00:22 by "builder" with MS VC++ 14.0 (VS2015)

END.
