#
# There is insufficient memory for the Java Runtime Environment to continue.
# Native memory allocation (mmap) failed to map 38797312 bytes for Failed to commit area from 0x000000008b900000 to 0x000000008de00000 of length 38797312.
# Possible reasons:
#   The system is out of physical RAM or swap space
#   The process is running with CompressedOops enabled, and the Java Heap may be blocking the growth of the native heap
# Possible solutions:
#   Reduce memory load on the system
#   Increase physical memory or swap space
#   Check if swap backing store is full
#   Decrease Java heap size (-Xmx/-Xms)
#   Decrease number of Java threads
#   Decrease Java thread stack sizes (-Xss)
#   Set larger code cache with -XX:ReservedCodeCacheSize=
#   JVM is running with Unscaled Compressed Oops mode in which the Java heap is
#     placed in the first 4GB address space. The Java Heap base address is the
#     maximum limit for the native heap growth. Please use -XX:HeapBaseMinAddress
#     to set the Java Heap base and to place the Java Heap above 4GB virtual address.
# This output file may be truncated or incomplete.
#
#  Out of Memory Error (./src/hotspot/os/windows/os_windows.cpp:3619), pid=7748, tid=4484
#
# JRE version: OpenJDK Runtime Environment (11.0.13) (build 11.0.13+0-b1751.21-8125866)
# Java VM: OpenJDK 64-Bit Server VM (11.0.13+0-b1751.21-8125866, mixed mode, tiered, compressed oops, g1 gc, windows-amd64)
# No core dump will be written. Minidumps are not enabled by default on client versions of Windows
#

---------------  S U M M A R Y ------------

Command Line: --add-opens=java.base/java.util=ALL-UNNAMED --add-opens=java.base/java.lang=ALL-UNNAMED --add-opens=java.base/java.lang.invoke=ALL-UNNAMED --add-opens=java.base/java.util=ALL-UNNAMED --add-opens=java.prefs/java.util.prefs=ALL-UNNAMED --add-opens=java.prefs/java.util.prefs=ALL-UNNAMED --add-opens=java.base/java.nio.charset=ALL-UNNAMED --add-opens=java.base/java.net=ALL-UNNAMED --add-opens=java.base/java.util.concurrent.atomic=ALL-UNNAMED -Xmx2048m -Dfile.encoding=UTF-8 -Duser.country=US -Duser.language=en -Duser.variant org.gradle.launcher.daemon.bootstrap.GradleDaemon 7.4

Host: AMD Athlon(tm) X4 760K Quad Core Processor     , 4 cores, 7G,  Windows 10 , 64 bit Build 19041 (10.0.19041.1889)
Time: Mon Oct 31 05:34:51 2022 Russia TZ 6 Standard Time elapsed time: 17.352594 seconds (0d 0h 0m 17s)

---------------  T H R E A D  ---------------

Current thread (0x000001bf27bda000):  VMThread "VM Thread" [stack: 0x00000030a9b00000,0x00000030a9c00000] [id=4484]

Stack: [0x00000030a9b00000,0x00000030a9c00000]
[error occurred during error reporting (printing stack bounds), id 0xc0000005, EXCEPTION_ACCESS_VIOLATION (0xc0000005) at pc=0x000001bf1137112d]

Native frames: (J=compiled Java code, j=interpreted, Vv=VM code, C=native code)
V  [jvm.dll+0x6100fa]
V  [jvm.dll+0x747090]
V  [jvm.dll+0x7486ad]
V  [jvm.dll+0x748ce5]
V  [jvm.dll+0x748c9b]
V  [jvm.dll+0x60f224]
V  [jvm.dll+0x60f9b8]
C  [ntdll.dll+0xa241f]
C  [ntdll.dll+0x514a4]
C  [ntdll.dll+0xa0f4e]
C  0x000001bf1137112d

VM_Operation (0x00000030aaef4760): G1CollectForAllocation, mode: safepoint, requested by thread 0x000001bf286c2000


---------------  P R O C E S S  ---------------

Threads class SMR info:
_java_thread_list=0x000001bf2b2306c0, length=79, elements={
0x000001bf0c03d000, 0x000001bf27bde000, 0x000001bf27be8800, 0x000001bf27c01800,
0x000001bf27c04000, 0x000001bf27c05000, 0x000001bf27c09000, 0x000001bf27c0a000,
0x000001bf27c18800, 0x000001bf286c3000, 0x000001bf286c5800, 0x000001bf286c4800,
0x000001bf286c1800, 0x000001bf286c4000, 0x000001bf286c6800, 0x000001bf286c7000,
0x000001bf286c2000, 0x000001bf286c8000, 0x000001bf2a671000, 0x000001bf2a66e800,
0x000001bf2a673800, 0x000001bf2a671800, 0x000001bf2a674000, 0x000001bf2a66f800,
0x000001bf2a670000, 0x000001bf2a675000, 0x000001bf2a676000, 0x000001bf2a678800,
0x000001bf2a676800, 0x000001bf2a672800, 0x000001bf2a679000, 0x000001bf2a67b800,
0x000001bf2c2cf800, 0x000001bf2c2d0800, 0x000001bf2c2d3000, 0x000001bf2c2cd000,
0x000001bf2d5e4800, 0x000001bf2c2d2000, 0x000001bf2c2d3800, 0x000001bf2c2ce000,
0x000001bf2c2d4800, 0x000001bf2c2d7000, 0x000001bf2c2d5800, 0x000001bf2c2d6000,
0x000001bf2c2d1000, 0x000001bf2c2d9800, 0x000001bf2c2da000, 0x000001bf2c2db000,
0x000001bf2c2dc000, 0x000001bf2c2d7800, 0x000001bf2c2d8800, 0x000001bf2bab7800,
0x000001bf2baba000, 0x000001bf2bab6000, 0x000001bf2babb000, 0x000001bf2bab8800,
0x000001bf2bab7000, 0x000001bf2bab5000, 0x000001bf2babc800, 0x000001bf2bab9800,
0x000001bf2bac1800, 0x000001bf2bac0000, 0x000001bf2babb800, 0x000001bf2bac3000,
0x000001bf2babd800, 0x000001bf2babf000, 0x000001bf2bac0800, 0x000001bf2bac2800,
0x000001bf2bac4000, 0x000001bf2babe000, 0x000001bf2c07e800, 0x000001bf2c081800,
0x000001bf2c084000, 0x000001bf2c080000, 0x000001bf2c083000, 0x000001bf2c082800,
0x000001bf2c085000, 0x000001bf2c081000, 0x000001bf2c07f000
}

Java Threads: ( => current thread )
  0x000001bf0c03d000 JavaThread "main" [_thread_blocked, id=4432, stack(0x00000030a9500000,0x00000030a9600000)]
  0x000001bf27bde000 JavaThread "Reference Handler" daemon [_thread_blocked, id=4940, stack(0x00000030a9c00000,0x00000030a9d00000)]
  0x000001bf27be8800 JavaThread "Finalizer" daemon [_thread_blocked, id=4372, stack(0x00000030a9d00000,0x00000030a9e00000)]
  0x000001bf27c01800 JavaThread "Signal Dispatcher" daemon [_thread_blocked, id=1812, stack(0x00000030a9e00000,0x00000030a9f00000)]
  0x000001bf27c04000 JavaThread "Attach Listener" daemon [_thread_blocked, id=1296, stack(0x00000030a9f00000,0x00000030aa000000)]
  0x000001bf27c05000 JavaThread "Service Thread" daemon [_thread_blocked, id=3252, stack(0x00000030aa000000,0x00000030aa100000)]
  0x000001bf27c09000 JavaThread "C2 CompilerThread0" daemon [_thread_blocked, id=6448, stack(0x00000030aa100000,0x00000030aa200000)]
  0x000001bf27c0a000 JavaThread "C1 CompilerThread0" daemon [_thread_blocked, id=6732, stack(0x00000030aa200000,0x00000030aa300000)]
  0x000001bf27c18800 JavaThread "Sweeper thread" daemon [_thread_blocked, id=4536, stack(0x00000030aa300000,0x00000030aa400000)]
  0x000001bf286c3000 JavaThread "Common-Cleaner" daemon [_thread_blocked, id=8056, stack(0x00000030aa400000,0x00000030aa500000)]
  0x000001bf286c5800 JavaThread "Daemon health stats" [_thread_blocked, id=7584, stack(0x00000030aa900000,0x00000030aaa00000)]
  0x000001bf286c4800 JavaThread "Incoming local TCP Connector on port 56283" [_thread_in_native, id=1116, stack(0x00000030aa600000,0x00000030aa700000)]
  0x000001bf286c1800 JavaThread "Daemon periodic checks" [_thread_blocked, id=7316, stack(0x00000030aaa00000,0x00000030aab00000)]
  0x000001bf286c4000 JavaThread "Daemon" [_thread_blocked, id=4044, stack(0x00000030aab00000,0x00000030aac00000)]
  0x000001bf286c6800 JavaThread "Handler for socket connection from /127.0.0.1:56283 to /127.0.0.1:56284" [_thread_in_native, id=1016, stack(0x00000030aac00000,0x00000030aad00000)]
  0x000001bf286c7000 JavaThread "Cancel handler" [_thread_blocked, id=7856, stack(0x00000030aad00000,0x00000030aae00000)]
  0x000001bf286c2000 JavaThread "Daemon worker" [_thread_blocked, id=280, stack(0x00000030aae00000,0x00000030aaf00000)]
  0x000001bf286c8000 JavaThread "Asynchronous log dispatcher for DefaultDaemonConnection: socket connection from /127.0.0.1:56283 to /127.0.0.1:56284" [_thread_blocked, id=4700, stack(0x00000030aaf00000,0x00000030ab000000)]
  0x000001bf2a671000 JavaThread "Stdin handler" [_thread_blocked, id=7516, stack(0x00000030ab000000,0x00000030ab100000)]
  0x000001bf2a66e800 JavaThread "Daemon client event forwarder" [_thread_blocked, id=3752, stack(0x00000030ab100000,0x00000030ab200000)]
  0x000001bf2a673800 JavaThread "Cache worker for journal cache (C:\Users\palam\.gradle\caches\journal-1)" [_thread_blocked, id=6136, stack(0x00000030ab400000,0x00000030ab500000)]
  0x000001bf2a671800 JavaThread "File lock request listener" [_thread_in_native, id=3624, stack(0x00000030ab500000,0x00000030ab600000)]
  0x000001bf2a674000 JavaThread "Cache worker for file hash cache (C:\Users\palam\.gradle\caches\7.4\fileHashes)" [_thread_blocked, id=5164, stack(0x00000030ab600000,0x00000030ab700000)]
  0x000001bf2a66f800 JavaThread "File watcher server" daemon [_thread_in_native, id=3352, stack(0x00000030ab700000,0x00000030ab800000)]
  0x000001bf2a670000 JavaThread "File watcher consumer" daemon [_thread_blocked, id=580, stack(0x00000030ab800000,0x00000030ab900000)]
  0x000001bf2a675000 JavaThread "Cache worker for checksums cache (F:\AndroidStudioProjects\ImbaAlarm\.gradle\7.4\checksums)" [_thread_blocked, id=1496, stack(0x00000030ab900000,0x00000030aba00000)]
  0x000001bf2a676000 JavaThread "Cache worker for cache directory md-rule (C:\Users\palam\.gradle\caches\7.4\md-rule)" [_thread_blocked, id=5244, stack(0x00000030aba00000,0x00000030abb00000)]
  0x000001bf2a678800 JavaThread "Cache worker for file hash cache (F:\AndroidStudioProjects\ImbaAlarm\.gradle\7.4\fileHashes)" [_thread_blocked, id=380, stack(0x00000030abb00000,0x00000030abc00000)]
  0x000001bf2a676800 JavaThread "Cache worker for cache directory md-supplier (C:\Users\palam\.gradle\caches\7.4\md-supplier)" [_thread_blocked, id=848, stack(0x00000030abc00000,0x00000030abd00000)]
  0x000001bf2a672800 JavaThread "Cache worker for execution history cache (C:\Users\palam\.gradle\caches\7.4\executionHistory)" [_thread_blocked, id=6872, stack(0x00000030abd00000,0x00000030abe00000)]
  0x000001bf2a679000 JavaThread "jar transforms" [_thread_blocked, id=6564, stack(0x00000030abe00000,0x00000030abf00000)]
  0x000001bf2a67b800 JavaThread "Cache worker for file content cache (C:\Users\palam\.gradle\caches\7.4\fileContent)" [_thread_blocked, id=7468, stack(0x00000030abf00000,0x00000030ac000000)]
  0x000001bf2c2cf800 JavaThread "jar transforms Thread 2" [_thread_blocked, id=304, stack(0x00000030ac000000,0x00000030ac100000)]
  0x000001bf2c2d0800 JavaThread "Cache worker for dependencies-accessors (F:\AndroidStudioProjects\ImbaAlarm\.gradle\7.4\dependencies-accessors)" [_thread_blocked, id=2244, stack(0x00000030ac100000,0x00000030ac200000)]
  0x000001bf2c2d3000 JavaThread "jar transforms Thread 3" [_thread_blocked, id=5000, stack(0x00000030ac200000,0x00000030ac300000)]
  0x000001bf2c2cd000 JavaThread "Cache worker for Build Output Cleanup Cache (F:\AndroidStudioProjects\ImbaAlarm\.gradle\buildOutputCleanup)" [_thread_blocked, id=8068, stack(0x00000030ab200000,0x00000030ab300000)]
  0x000001bf2d5e4800 JavaThread "C2 CompilerThread1" daemon [_thread_blocked, id=5932, stack(0x00000030ac300000,0x00000030ac400000)]
  0x000001bf2c2d2000 JavaThread "Unconstrained build operations" [_thread_blocked, id=7852, stack(0x00000030ac400000,0x00000030ac500000)]
  0x000001bf2c2d3800 JavaThread "Unconstrained build operations Thread 2" [_thread_blocked, id=3872, stack(0x00000030ac500000,0x00000030ac600000)]
  0x000001bf2c2ce000 JavaThread "Unconstrained build operations Thread 3" [_thread_blocked, id=6932, stack(0x00000030ac600000,0x00000030ac700000)]
  0x000001bf2c2d4800 JavaThread "Unconstrained build operations Thread 4" [_thread_blocked, id=7264, stack(0x00000030ac700000,0x00000030ac800000)]
  0x000001bf2c2d7000 JavaThread "Unconstrained build operations Thread 5" [_thread_blocked, id=2768, stack(0x00000030ac800000,0x00000030ac900000)]
  0x000001bf2c2d5800 JavaThread "Unconstrained build operations Thread 6" [_thread_blocked, id=3164, stack(0x00000030ac900000,0x00000030aca00000)]
  0x000001bf2c2d6000 JavaThread "Unconstrained build operations Thread 7" [_thread_blocked, id=6500, stack(0x00000030aca00000,0x00000030acb00000)]
  0x000001bf2c2d1000 JavaThread "Unconstrained build operations Thread 8" [_thread_blocked, id=4996, stack(0x00000030acb00000,0x00000030acc00000)]
  0x000001bf2c2d9800 JavaThread "Unconstrained build operations Thread 9" [_thread_blocked, id=4448, stack(0x00000030acc00000,0x00000030acd00000)]
  0x000001bf2c2da000 JavaThread "Unconstrained build operations Thread 10" [_thread_blocked, id=1880, stack(0x00000030acd00000,0x00000030ace00000)]
  0x000001bf2c2db000 JavaThread "Unconstrained build operations Thread 11" [_thread_blocked, id=900, stack(0x00000030ace00000,0x00000030acf00000)]
  0x000001bf2c2dc000 JavaThread "Unconstrained build operations Thread 12" [_thread_blocked, id=3328, stack(0x00000030acf00000,0x00000030ad000000)]
  0x000001bf2c2d7800 JavaThread "Unconstrained build operations Thread 13" [_thread_blocked, id=972, stack(0x00000030ad000000,0x00000030ad100000)]
  0x000001bf2c2d8800 JavaThread "Unconstrained build operations Thread 14" [_thread_blocked, id=1932, stack(0x00000030ad100000,0x00000030ad200000)]
  0x000001bf2bab7800 JavaThread "Unconstrained build operations Thread 15" [_thread_blocked, id=3052, stack(0x00000030ad200000,0x00000030ad300000)]
  0x000001bf2baba000 JavaThread "Unconstrained build operations Thread 16" [_thread_blocked, id=1228, stack(0x00000030ad300000,0x00000030ad400000)]
  0x000001bf2bab6000 JavaThread "Unconstrained build operations Thread 17" [_thread_blocked, id=2532, stack(0x00000030ad400000,0x00000030ad500000)]
  0x000001bf2babb000 JavaThread "Unconstrained build operations Thread 18" [_thread_blocked, id=7364, stack(0x00000030ad500000,0x00000030ad600000)]
  0x000001bf2bab8800 JavaThread "Unconstrained build operations Thread 19" [_thread_blocked, id=2096, stack(0x00000030ad600000,0x00000030ad700000)]
  0x000001bf2bab7000 JavaThread "Unconstrained build operations Thread 20" [_thread_blocked, id=5124, stack(0x00000030ad700000,0x00000030ad800000)]
  0x000001bf2bab5000 JavaThread "Unconstrained build operations Thread 21" [_thread_blocked, id=3176, stack(0x00000030ad800000,0x00000030ad900000)]
  0x000001bf2babc800 JavaThread "Unconstrained build operations Thread 22" [_thread_blocked, id=2388, stack(0x00000030ad900000,0x00000030ada00000)]
  0x000001bf2bab9800 JavaThread "Unconstrained build operations Thread 23" [_thread_blocked, id=1756, stack(0x00000030ada00000,0x00000030adb00000)]
  0x000001bf2bac1800 JavaThread "Unconstrained build operations Thread 24" [_thread_blocked, id=7700, stack(0x00000030adb00000,0x00000030adc00000)]
  0x000001bf2bac0000 JavaThread "Unconstrained build operations Thread 25" [_thread_blocked, id=5284, stack(0x00000030adc00000,0x00000030add00000)]
  0x000001bf2babb800 JavaThread "Unconstrained build operations Thread 26" [_thread_blocked, id=7524, stack(0x00000030add00000,0x00000030ade00000)]
  0x000001bf2bac3000 JavaThread "Unconstrained build operations Thread 27" [_thread_blocked, id=5436, stack(0x00000030ade00000,0x00000030adf00000)]
  0x000001bf2babd800 JavaThread "Unconstrained build operations Thread 28" [_thread_blocked, id=7512, stack(0x00000030adf00000,0x00000030ae000000)]
  0x000001bf2babf000 JavaThread "Unconstrained build operations Thread 29" [_thread_blocked, id=4776, stack(0x00000030ae000000,0x00000030ae100000)]
  0x000001bf2bac0800 JavaThread "Unconstrained build operations Thread 30" [_thread_blocked, id=2816, stack(0x00000030ae100000,0x00000030ae200000)]
  0x000001bf2bac2800 JavaThread "Unconstrained build operations Thread 31" [_thread_blocked, id=1612, stack(0x00000030ae200000,0x00000030ae300000)]
  0x000001bf2bac4000 JavaThread "Unconstrained build operations Thread 32" [_thread_blocked, id=3824, stack(0x00000030ae300000,0x00000030ae400000)]
  0x000001bf2babe000 JavaThread "Unconstrained build operations Thread 33" [_thread_blocked, id=2880, stack(0x00000030ae400000,0x00000030ae500000)]
  0x000001bf2c07e800 JavaThread "Unconstrained build operations Thread 34" [_thread_blocked, id=1760, stack(0x00000030ae500000,0x00000030ae600000)]
  0x000001bf2c081800 JavaThread "Unconstrained build operations Thread 35" [_thread_blocked, id=3152, stack(0x00000030ae600000,0x00000030ae700000)]
  0x000001bf2c084000 JavaThread "Unconstrained build operations Thread 36" [_thread_blocked, id=2584, stack(0x00000030ae700000,0x00000030ae800000)]
  0x000001bf2c080000 JavaThread "Unconstrained build operations Thread 37" [_thread_blocked, id=4772, stack(0x00000030ae800000,0x00000030ae900000)]
  0x000001bf2c083000 JavaThread "Unconstrained build operations Thread 38" [_thread_blocked, id=5256, stack(0x00000030ae900000,0x00000030aea00000)]
  0x000001bf2c082800 JavaThread "Unconstrained build operations Thread 39" [_thread_blocked, id=5036, stack(0x00000030aea00000,0x00000030aeb00000)]
  0x000001bf2c085000 JavaThread "Unconstrained build operations Thread 40" [_thread_blocked, id=2496, stack(0x00000030aeb00000,0x00000030aec00000)]
  0x000001bf2c081000 JavaThread "jar transforms Thread 4" [_thread_blocked, id=464, stack(0x00000030aec00000,0x00000030aed00000)]
  0x000001bf2c07f000 JavaThread "Memory manager" [_thread_blocked, id=1336, stack(0x00000030aed00000,0x00000030aee00000)]

Other Threads:
=>0x000001bf27bda000 VMThread "VM Thread" [stack: 0x00000030a9b00000,0x00000030a9c00000] [id=4484]
  0x000001bf2870c000 WatcherThread [stack: 0x00000030aa500000,0x00000030aa600000] [id=288]
  0x000001bf0c054000 GCTaskThread "GC Thread#0" [stack: 0x00000030a9600000,0x00000030a9700000] [id=2524]
  0x000001bf29320800 GCTaskThread "GC Thread#1" [stack: 0x00000030aa700000,0x00000030aa800000] [id=3296]
  0x000001bf28aaf800 GCTaskThread "GC Thread#2" [stack: 0x00000030aa800000,0x00000030aa900000] [id=3916]
  0x000001bf2adb6000 GCTaskThread "GC Thread#3" [stack: 0x00000030ab300000,0x00000030ab400000] [id=1708]
  0x000001bf0c087000 ConcurrentGCThread "G1 Main Marker" [stack: 0x00000030a9700000,0x00000030a9800000] [id=4220]
  0x000001bf0c088000 ConcurrentGCThread "G1 Conc#0" [stack: 0x00000030a9800000,0x00000030a9900000] [id=2556]
  0x000001bf0c119000 ConcurrentGCThread "G1 Refine#0" [stack: 0x00000030a9900000,0x00000030a9a00000] [id=7964]
  0x000001bf0c11a000 ConcurrentGCThread "G1 Young RemSet Sampling" [stack: 0x00000030a9a00000,0x00000030a9b00000] [id=6232]

Threads with active compile tasks:
C2 CompilerThread1  17365 7637       4       java.lang.String::regionMatches (150 bytes)

VM state:at safepoint (normal execution)

VM Mutex/Monitor currently owned by a thread:  ([mutex/lock_event])
[0x000001bf0c038fc0] Threads_lock - owner thread: 0x000001bf27bda000
[0x000001bf0c037ee0] Heap_lock - owner thread: 0x000001bf286c2000

Heap address: 0x0000000080000000, size: 2048 MB, Compressed Oops mode: 32-bit
Narrow klass base: 0x0000000000000000, Narrow klass shift: 3
Compressed class space size: 1073741824 Address: 0x0000000100000000

Heap:
 garbage-first heap   total 227328K, used 67714K [0x0000000080000000, 0x0000000100000000)
  region size 1024K, 10 young (10240K), 10 survivors (10240K)
 Metaspace       used 77759K, capacity 79413K, committed 79656K, reserved 1118208K
  class space    used 10046K, capacity 10663K, committed 10700K, reserved 1048576K
Heap Regions: E=young(eden), S=young(survivor), O=old, HS=humongous(starts), HC=humongous(continues), CS=collection set, F=free, A=archive, TAMS=top-at-mark-start (previous, next)
|   0|0x0000000080000000, 0x0000000080100000, 0x0000000080100000|100%|HS|  |TAMS 0x0000000080100000, 0x0000000080000000| Complete 
|   1|0x0000000080100000, 0x0000000080200000, 0x0000000080200000|100%|HC|  |TAMS 0x0000000080200000, 0x0000000080100000| Complete 
|   2|0x0000000080200000, 0x0000000080300000, 0x0000000080300000|100%|HC|  |TAMS 0x0000000080300000, 0x0000000080200000| Complete 
|   3|0x0000000080300000, 0x0000000080400000, 0x0000000080400000|100%| O|  |TAMS 0x0000000080400000, 0x0000000080300000| Untracked 
|   4|0x0000000080400000, 0x0000000080500000, 0x0000000080500000|100%| O|  |TAMS 0x0000000080500000, 0x0000000080400000| Untracked 
|   5|0x0000000080500000, 0x0000000080600000, 0x0000000080600000|100%| O|  |TAMS 0x0000000080600000, 0x0000000080500000| Untracked 
|   6|0x0000000080600000, 0x0000000080700000, 0x0000000080700000|100%| O|  |TAMS 0x0000000080700000, 0x0000000080600000| Untracked 
|   7|0x0000000080700000, 0x0000000080800000, 0x0000000080800000|100%| O|  |TAMS 0x0000000080800000, 0x0000000080700000| Untracked 
|   8|0x0000000080800000, 0x0000000080900000, 0x0000000080900000|100%| O|  |TAMS 0x0000000080900000, 0x0000000080800000| Untracked 
|   9|0x0000000080900000, 0x0000000080a00000, 0x0000000080a00000|100%| O|  |TAMS 0x0000000080a00000, 0x0000000080900000| Untracked 
|  10|0x0000000080a00000, 0x0000000080b00000, 0x0000000080b00000|100%| O|  |TAMS 0x0000000080b00000, 0x0000000080a00000| Untracked 
|  11|0x0000000080b00000, 0x0000000080c00000, 0x0000000080c00000|100%| O|  |TAMS 0x0000000080c00000, 0x0000000080b00000| Untracked 
|  12|0x0000000080c00000, 0x0000000080d00000, 0x0000000080d00000|100%| O|  |TAMS 0x0000000080d00000, 0x0000000080c00000| Untracked 
|  13|0x0000000080d00000, 0x0000000080e00000, 0x0000000080e00000|100%| O|  |TAMS 0x0000000080e00000, 0x0000000080d00000| Untracked 
|  14|0x0000000080e00000, 0x0000000080f00000, 0x0000000080f00000|100%| O|  |TAMS 0x0000000080f00000, 0x0000000080e00000| Untracked 
|  15|0x0000000080f00000, 0x0000000081000000, 0x0000000081000000|100%| O|  |TAMS 0x0000000081000000, 0x0000000080f00000| Untracked 
|  16|0x0000000081000000, 0x0000000081100000, 0x0000000081100000|100%|HS|  |TAMS 0x0000000081100000, 0x0000000081000000| Complete 
|  17|0x0000000081100000, 0x0000000081200000, 0x0000000081200000|100%| O|  |TAMS 0x0000000081200000, 0x0000000081100000| Untracked 
|  18|0x0000000081200000, 0x0000000081300000, 0x0000000081300000|100%| O|  |TAMS 0x0000000081300000, 0x0000000081200000| Untracked 
|  19|0x0000000081300000, 0x0000000081400000, 0x0000000081400000|100%| O|  |TAMS 0x0000000081400000, 0x0000000081300000| Untracked 
|  20|0x0000000081400000, 0x0000000081500000, 0x0000000081500000|100%| O|  |TAMS 0x0000000081500000, 0x0000000081400000| Untracked 
|  21|0x0000000081500000, 0x0000000081600000, 0x0000000081600000|100%| O|  |TAMS 0x0000000081600000, 0x0000000081500000| Untracked 
|  22|0x0000000081600000, 0x0000000081700000, 0x0000000081700000|100%| O|  |TAMS 0x0000000081700000, 0x0000000081600000| Untracked 
|  23|0x0000000081700000, 0x0000000081800000, 0x0000000081800000|100%|HS|  |TAMS 0x0000000081800000, 0x0000000081700000| Complete 
|  24|0x0000000081800000, 0x0000000081900000, 0x0000000081900000|100%|HS|  |TAMS 0x0000000081900000, 0x0000000081800000| Complete 
|  25|0x0000000081900000, 0x0000000081a00000, 0x0000000081a00000|100%|HS|  |TAMS 0x0000000081a00000, 0x0000000081900000| Complete 
|  26|0x0000000081a00000, 0x0000000081b00000, 0x0000000081b00000|100%|HC|  |TAMS 0x0000000081b00000, 0x0000000081a00000| Complete 
|  27|0x0000000081b00000, 0x0000000081c00000, 0x0000000081c00000|100%|HC|  |TAMS 0x0000000081c00000, 0x0000000081b00000| Complete 
|  28|0x0000000081c00000, 0x0000000081d00000, 0x0000000081d00000|100%|HC|  |TAMS 0x0000000081d00000, 0x0000000081c00000| Complete 
|  29|0x0000000081d00000, 0x0000000081e00000, 0x0000000081e00000|100%| O|  |TAMS 0x0000000081e00000, 0x0000000081d00000| Untracked 
|  30|0x0000000081e00000, 0x0000000081f00000, 0x0000000081f00000|100%|HS|  |TAMS 0x0000000081f00000, 0x0000000081e00000| Complete 
|  31|0x0000000081f00000, 0x0000000082000000, 0x0000000082000000|100%|HC|  |TAMS 0x0000000082000000, 0x0000000081f00000| Complete 
|  32|0x0000000082000000, 0x0000000082100000, 0x0000000082100000|100%| O|  |TAMS 0x0000000082100000, 0x0000000082000000| Untracked 
|  33|0x0000000082100000, 0x0000000082200000, 0x0000000082200000|100%| O|  |TAMS 0x0000000082200000, 0x0000000082100000| Untracked 
|  34|0x0000000082200000, 0x0000000082300000, 0x0000000082300000|100%| O|  |TAMS 0x0000000082300000, 0x0000000082200000| Untracked 
|  35|0x0000000082300000, 0x0000000082400000, 0x0000000082400000|100%| O|  |TAMS 0x0000000082400000, 0x0000000082300000| Untracked 
|  36|0x0000000082400000, 0x0000000082500000, 0x0000000082500000|100%| O|  |TAMS 0x0000000082500000, 0x0000000082400000| Untracked 
|  37|0x0000000082500000, 0x0000000082600000, 0x0000000082600000|100%| O|  |TAMS 0x0000000082600000, 0x0000000082500000| Untracked 
|  38|0x0000000082600000, 0x0000000082700000, 0x0000000082700000|100%| O|  |TAMS 0x0000000082700000, 0x0000000082600000| Untracked 
|  39|0x0000000082700000, 0x0000000082800000, 0x0000000082800000|100%| O|  |TAMS 0x0000000082800000, 0x0000000082700000| Untracked 
|  40|0x0000000082800000, 0x0000000082900000, 0x0000000082900000|100%| O|  |TAMS 0x0000000082900000, 0x0000000082800000| Untracked 
|  41|0x0000000082900000, 0x0000000082a00000, 0x0000000082a00000|100%| O|  |TAMS 0x0000000082a00000, 0x0000000082900000| Untracked 
|  42|0x0000000082a00000, 0x0000000082b00000, 0x0000000082b00000|100%| O|  |TAMS 0x0000000082b00000, 0x0000000082a00000| Untracked 
|  43|0x0000000082b00000, 0x0000000082c00000, 0x0000000082c00000|100%| O|  |TAMS 0x0000000082c00000, 0x0000000082b00000| Untracked 
|  44|0x0000000082c00000, 0x0000000082d00000, 0x0000000082d00000|100%| O|  |TAMS 0x0000000082d00000, 0x0000000082c00000| Untracked 
|  45|0x0000000082d00000, 0x0000000082e00000, 0x0000000082e00000|100%| O|  |TAMS 0x0000000082e00000, 0x0000000082d00000| Untracked 
|  46|0x0000000082e00000, 0x0000000082f00000, 0x0000000082f00000|100%| O|  |TAMS 0x0000000082f00000, 0x0000000082e00000| Untracked 
|  47|0x0000000082f00000, 0x0000000083000000, 0x0000000083000000|100%| O|  |TAMS 0x0000000083000000, 0x0000000082f00000| Untracked 
|  48|0x0000000083000000, 0x0000000083100000, 0x0000000083100000|100%| O|  |TAMS 0x0000000083100000, 0x0000000083000000| Untracked 
|  49|0x0000000083100000, 0x0000000083200000, 0x0000000083200000|100%| O|  |TAMS 0x00000000831bbc00, 0x0000000083100000| Untracked 
|  50|0x0000000083200000, 0x0000000083300000, 0x0000000083300000|100%| O|  |TAMS 0x0000000083200000, 0x0000000083200000| Untracked 
|  51|0x0000000083300000, 0x0000000083400000, 0x0000000083400000|100%| O|  |TAMS 0x0000000083300000, 0x0000000083300000| Untracked 
|  52|0x0000000083400000, 0x0000000083500000, 0x0000000083500000|100%| O|  |TAMS 0x0000000083400000, 0x0000000083400000| Untracked 
|  53|0x0000000083500000, 0x0000000083600000, 0x0000000083600000|100%| O|  |TAMS 0x0000000083500000, 0x0000000083500000| Untracked 
|  54|0x0000000083600000, 0x0000000083700000, 0x0000000083700000|100%| O|  |TAMS 0x0000000083600000, 0x0000000083600000| Untracked 
|  55|0x0000000083700000, 0x0000000083800000, 0x0000000083800000|100%| O|  |TAMS 0x0000000083700000, 0x0000000083700000| Untracked 
|  56|0x0000000083800000, 0x000000008384e800, 0x0000000083900000| 30%| O|  |TAMS 0x0000000083800000, 0x0000000083800000| Untracked 
|  57|0x0000000083900000, 0x0000000083900000, 0x0000000083a00000|  0%| F|  |TAMS 0x0000000083900000, 0x0000000083900000| Untracked 
|  58|0x0000000083a00000, 0x0000000083a00000, 0x0000000083b00000|  0%| F|  |TAMS 0x0000000083a00000, 0x0000000083a00000| Untracked 
|  59|0x0000000083b00000, 0x0000000083b00000, 0x0000000083c00000|  0%| F|  |TAMS 0x0000000083b00000, 0x0000000083b00000| Untracked 
|  60|0x0000000083c00000, 0x0000000083c00000, 0x0000000083d00000|  0%| F|  |TAMS 0x0000000083c00000, 0x0000000083c00000| Untracked 
|  61|0x0000000083d00000, 0x0000000083d00000, 0x0000000083e00000|  0%| F|  |TAMS 0x0000000083d00000, 0x0000000083d00000| Untracked 
|  62|0x0000000083e00000, 0x0000000083e00000, 0x0000000083f00000|  0%| F|  |TAMS 0x0000000083e00000, 0x0000000083e00000| Untracked 
|  63|0x0000000083f00000, 0x0000000083f00000, 0x0000000084000000|  0%| F|  |TAMS 0x0000000083f00000, 0x0000000083f00000| Untracked 
|  64|0x0000000084000000, 0x0000000084000000, 0x0000000084100000|  0%| F|  |TAMS 0x0000000084000000, 0x0000000084000000| Untracked 
|  65|0x0000000084100000, 0x0000000084100000, 0x0000000084200000|  0%| F|  |TAMS 0x0000000084100000, 0x0000000084100000| Untracked 
|  66|0x0000000084200000, 0x0000000084200000, 0x0000000084300000|  0%| F|  |TAMS 0x0000000084200000, 0x0000000084200000| Untracked 
|  67|0x0000000084300000, 0x0000000084300000, 0x0000000084400000|  0%| F|  |TAMS 0x0000000084300000, 0x0000000084300000| Untracked 
|  68|0x0000000084400000, 0x0000000084400000, 0x0000000084500000|  0%| F|  |TAMS 0x0000000084400000, 0x0000000084400000| Untracked 
|  69|0x0000000084500000, 0x0000000084500000, 0x0000000084600000|  0%| F|  |TAMS 0x0000000084500000, 0x0000000084500000| Untracked 
|  70|0x0000000084600000, 0x0000000084600000, 0x0000000084700000|  0%| F|  |TAMS 0x0000000084600000, 0x0000000084600000| Untracked 
|  71|0x0000000084700000, 0x0000000084700000, 0x0000000084800000|  0%| F|  |TAMS 0x0000000084700000, 0x0000000084700000| Untracked 
|  72|0x0000000084800000, 0x0000000084800000, 0x0000000084900000|  0%| F|  |TAMS 0x0000000084800000, 0x0000000084800000| Untracked 
|  73|0x0000000084900000, 0x0000000084900000, 0x0000000084a00000|  0%| F|  |TAMS 0x0000000084900000, 0x0000000084900000| Untracked 
|  74|0x0000000084a00000, 0x0000000084a00000, 0x0000000084b00000|  0%| F|  |TAMS 0x0000000084a00000, 0x0000000084a00000| Untracked 
|  75|0x0000000084b00000, 0x0000000084b00000, 0x0000000084c00000|  0%| F|  |TAMS 0x0000000084b00000, 0x0000000084b00000| Untracked 
|  76|0x0000000084c00000, 0x0000000084c00000, 0x0000000084d00000|  0%| F|  |TAMS 0x0000000084c00000, 0x0000000084c00000| Untracked 
|  77|0x0000000084d00000, 0x0000000084d00000, 0x0000000084e00000|  0%| F|  |TAMS 0x0000000084d00000, 0x0000000084d00000| Untracked 
|  78|0x0000000084e00000, 0x0000000084e00000, 0x0000000084f00000|  0%| F|  |TAMS 0x0000000084e00000, 0x0000000084e00000| Untracked 
|  79|0x0000000084f00000, 0x0000000084f00000, 0x0000000085000000|  0%| F|  |TAMS 0x0000000084f00000, 0x0000000084f00000| Untracked 
|  80|0x0000000085000000, 0x0000000085000000, 0x0000000085100000|  0%| F|  |TAMS 0x0000000085000000, 0x0000000085000000| Untracked 
|  81|0x0000000085100000, 0x0000000085100000, 0x0000000085200000|  0%| F|  |TAMS 0x0000000085100000, 0x0000000085100000| Untracked 
|  82|0x0000000085200000, 0x0000000085200000, 0x0000000085300000|  0%| F|  |TAMS 0x0000000085200000, 0x0000000085200000| Untracked 
|  83|0x0000000085300000, 0x0000000085300000, 0x0000000085400000|  0%| F|  |TAMS 0x0000000085300000, 0x0000000085300000| Untracked 
|  84|0x0000000085400000, 0x0000000085400000, 0x0000000085500000|  0%| F|  |TAMS 0x0000000085400000, 0x0000000085400000| Untracked 
|  85|0x0000000085500000, 0x0000000085500000, 0x0000000085600000|  0%| F|  |TAMS 0x0000000085500000, 0x0000000085500000| Untracked 
|  86|0x0000000085600000, 0x0000000085600000, 0x0000000085700000|  0%| F|  |TAMS 0x0000000085600000, 0x0000000085600000| Untracked 
|  87|0x0000000085700000, 0x0000000085700000, 0x0000000085800000|  0%| F|  |TAMS 0x0000000085700000, 0x0000000085700000| Untracked 
|  88|0x0000000085800000, 0x0000000085800000, 0x0000000085900000|  0%| F|  |TAMS 0x0000000085800000, 0x0000000085800000| Untracked 
|  89|0x0000000085900000, 0x0000000085900000, 0x0000000085a00000|  0%| F|  |TAMS 0x0000000085900000, 0x0000000085900000| Untracked 
|  90|0x0000000085a00000, 0x0000000085a00000, 0x0000000085b00000|  0%| F|  |TAMS 0x0000000085a00000, 0x0000000085a00000| Untracked 
|  91|0x0000000085b00000, 0x0000000085bd22b8, 0x0000000085c00000| 82%| S|CS|TAMS 0x0000000085b00000, 0x0000000085b00000| Complete 
|  92|0x0000000085c00000, 0x0000000085d00000, 0x0000000085d00000|100%| S|CS|TAMS 0x0000000085c00000, 0x0000000085c00000| Complete 
|  93|0x0000000085d00000, 0x0000000085d00000, 0x0000000085e00000|  0%| F|  |TAMS 0x0000000085d00000, 0x0000000085d00000| Untracked 
|  94|0x0000000085e00000, 0x0000000085e00000, 0x0000000085f00000|  0%| F|  |TAMS 0x0000000085e00000, 0x0000000085e00000| Untracked 
|  95|0x0000000085f00000, 0x0000000085f00000, 0x0000000086000000|  0%| F|  |TAMS 0x0000000085f00000, 0x0000000085f00000| Untracked 
|  96|0x0000000086000000, 0x0000000086100000, 0x0000000086100000|100%| S|CS|TAMS 0x0000000086000000, 0x0000000086000000| Complete 
|  97|0x0000000086100000, 0x0000000086200000, 0x0000000086200000|100%| S|CS|TAMS 0x0000000086100000, 0x0000000086100000| Complete 
|  98|0x0000000086200000, 0x0000000086300000, 0x0000000086300000|100%| S|CS|TAMS 0x0000000086200000, 0x0000000086200000| Complete 
|  99|0x0000000086300000, 0x0000000086400000, 0x0000000086400000|100%| S|CS|TAMS 0x0000000086300000, 0x0000000086300000| Complete 
| 100|0x0000000086400000, 0x0000000086500000, 0x0000000086500000|100%| S|CS|TAMS 0x0000000086400000, 0x0000000086400000| Complete 
| 101|0x0000000086500000, 0x0000000086600000, 0x0000000086600000|100%| S|CS|TAMS 0x0000000086500000, 0x0000000086500000| Complete 
| 102|0x0000000086600000, 0x0000000086700000, 0x0000000086700000|100%| S|CS|TAMS 0x0000000086600000, 0x0000000086600000| Complete 
| 103|0x0000000086700000, 0x0000000086700000, 0x0000000086800000|  0%| F|  |TAMS 0x0000000086700000, 0x0000000086700000| Untracked 
| 104|0x0000000086800000, 0x0000000086800000, 0x0000000086900000|  0%| F|  |TAMS 0x0000000086800000, 0x0000000086800000| Untracked 
| 105|0x0000000086900000, 0x0000000086900000, 0x0000000086a00000|  0%| F|  |TAMS 0x0000000086900000, 0x0000000086900000| Untracked 
| 106|0x0000000086a00000, 0x0000000086b00000, 0x0000000086b00000|100%| S|CS|TAMS 0x0000000086a00000, 0x0000000086a00000| Complete 
| 107|0x0000000086b00000, 0x0000000086b00000, 0x0000000086c00000|  0%| F|  |TAMS 0x0000000086b00000, 0x0000000086b00000| Untracked 
| 108|0x0000000086c00000, 0x0000000086c00000, 0x0000000086d00000|  0%| F|  |TAMS 0x0000000086c00000, 0x0000000086c00000| Untracked 
| 109|0x0000000086d00000, 0x0000000086d00000, 0x0000000086e00000|  0%| F|  |TAMS 0x0000000086d00000, 0x0000000086d00000| Untracked 
| 110|0x0000000086e00000, 0x0000000086e00000, 0x0000000086f00000|  0%| F|  |TAMS 0x0000000086e00000, 0x0000000086e00000| Untracked 
| 111|0x0000000086f00000, 0x0000000086f00000, 0x0000000087000000|  0%| F|  |TAMS 0x0000000086f00000, 0x0000000086f00000| Untracked 
| 112|0x0000000087000000, 0x0000000087000000, 0x0000000087100000|  0%| F|  |TAMS 0x0000000087000000, 0x0000000087000000| Untracked 
| 113|0x0000000087100000, 0x0000000087100000, 0x0000000087200000|  0%| F|  |TAMS 0x0000000087100000, 0x0000000087100000| Untracked 
| 114|0x0000000087200000, 0x0000000087200000, 0x0000000087300000|  0%| F|  |TAMS 0x0000000087200000, 0x0000000087200000| Untracked 
| 115|0x0000000087300000, 0x0000000087300000, 0x0000000087400000|  0%| F|  |TAMS 0x0000000087300000, 0x0000000087300000| Untracked 
| 116|0x0000000087400000, 0x0000000087400000, 0x0000000087500000|  0%| F|  |TAMS 0x0000000087400000, 0x0000000087400000| Untracked 
| 117|0x0000000087500000, 0x0000000087500000, 0x0000000087600000|  0%| F|  |TAMS 0x0000000087500000, 0x0000000087500000| Untracked 
| 118|0x0000000087600000, 0x0000000087600000, 0x0000000087700000|  0%| F|  |TAMS 0x0000000087600000, 0x0000000087600000| Untracked 
| 119|0x0000000087700000, 0x0000000087700000, 0x0000000087800000|  0%| F|  |TAMS 0x0000000087700000, 0x0000000087700000| Untracked 
| 120|0x0000000087800000, 0x0000000087800000, 0x0000000087900000|  0%| F|  |TAMS 0x0000000087800000, 0x0000000087800000| Untracked 
| 121|0x0000000087900000, 0x0000000087900000, 0x0000000087a00000|  0%| F|  |TAMS 0x0000000087900000, 0x0000000087900000| Untracked 
| 122|0x0000000087a00000, 0x0000000087a00000, 0x0000000087b00000|  0%| F|  |TAMS 0x0000000087a00000, 0x0000000087a00000| Untracked 
| 123|0x0000000087b00000, 0x0000000087b00000, 0x0000000087c00000|  0%| F|  |TAMS 0x0000000087b00000, 0x0000000087b00000| Untracked 
| 124|0x0000000087c00000, 0x0000000087c00000, 0x0000000087d00000|  0%| F|  |TAMS 0x0000000087c00000, 0x0000000087c00000| Untracked 
| 125|0x0000000087d00000, 0x0000000087d00000, 0x0000000087e00000|  0%| F|  |TAMS 0x0000000087d00000, 0x0000000087d00000| Untracked 
| 126|0x0000000087e00000, 0x0000000087e00000, 0x0000000087f00000|  0%| F|  |TAMS 0x0000000087e00000, 0x0000000087e00000| Untracked 
| 127|0x0000000087f00000, 0x0000000087f00000, 0x0000000088000000|  0%| F|  |TAMS 0x0000000087f00000, 0x0000000087f00000| Untracked 
| 128|0x0000000088000000, 0x0000000088000000, 0x0000000088100000|  0%| F|  |TAMS 0x0000000088000000, 0x0000000088000000| Untracked 
| 129|0x0000000088100000, 0x0000000088100000, 0x0000000088200000|  0%| F|  |TAMS 0x0000000088100000, 0x0000000088100000| Untracked 
| 130|0x0000000088200000, 0x0000000088200000, 0x0000000088300000|  0%| F|  |TAMS 0x0000000088200000, 0x0000000088200000| Untracked 
| 131|0x0000000088300000, 0x0000000088300000, 0x0000000088400000|  0%| F|  |TAMS 0x0000000088300000, 0x0000000088300000| Untracked 
| 132|0x0000000088400000, 0x0000000088400000, 0x0000000088500000|  0%| F|  |TAMS 0x0000000088400000, 0x0000000088400000| Untracked 
| 133|0x0000000088500000, 0x0000000088500000, 0x0000000088600000|  0%| F|  |TAMS 0x0000000088500000, 0x0000000088500000| Untracked 
| 134|0x0000000088600000, 0x0000000088600000, 0x0000000088700000|  0%| F|  |TAMS 0x0000000088600000, 0x0000000088600000| Untracked 
| 135|0x0000000088700000, 0x0000000088700000, 0x0000000088800000|  0%| F|  |TAMS 0x0000000088700000, 0x0000000088700000| Untracked 
| 136|0x0000000088800000, 0x0000000088800000, 0x0000000088900000|  0%| F|  |TAMS 0x0000000088800000, 0x0000000088800000| Untracked 
| 137|0x0000000088900000, 0x0000000088900000, 0x0000000088a00000|  0%| F|  |TAMS 0x0000000088900000, 0x0000000088900000| Untracked 
| 138|0x0000000088a00000, 0x0000000088a00000, 0x0000000088b00000|  0%| F|  |TAMS 0x0000000088a00000, 0x0000000088a00000| Untracked 
| 139|0x0000000088b00000, 0x0000000088b00000, 0x0000000088c00000|  0%| F|  |TAMS 0x0000000088b00000, 0x0000000088b00000| Untracked 
| 140|0x0000000088c00000, 0x0000000088c00000, 0x0000000088d00000|  0%| F|  |TAMS 0x0000000088c00000, 0x0000000088c00000| Untracked 
| 141|0x0000000088d00000, 0x0000000088d00000, 0x0000000088e00000|  0%| F|  |TAMS 0x0000000088d00000, 0x0000000088d00000| Untracked 
| 142|0x0000000088e00000, 0x0000000088e00000, 0x0000000088f00000|  0%| F|  |TAMS 0x0000000088e00000, 0x0000000088e00000| Untracked 
| 143|0x0000000088f00000, 0x0000000088f00000, 0x0000000089000000|  0%| F|  |TAMS 0x0000000088f00000, 0x0000000088f00000| Untracked 
| 144|0x0000000089000000, 0x0000000089000000, 0x0000000089100000|  0%| F|  |TAMS 0x0000000089000000, 0x0000000089000000| Untracked 
| 145|0x0000000089100000, 0x0000000089100000, 0x0000000089200000|  0%| F|  |TAMS 0x0000000089100000, 0x0000000089100000| Untracked 
| 146|0x0000000089200000, 0x0000000089200000, 0x0000000089300000|  0%| F|  |TAMS 0x0000000089200000, 0x0000000089200000| Untracked 
| 147|0x0000000089300000, 0x0000000089300000, 0x0000000089400000|  0%| F|  |TAMS 0x0000000089300000, 0x0000000089300000| Untracked 
| 148|0x0000000089400000, 0x0000000089400000, 0x0000000089500000|  0%| F|  |TAMS 0x0000000089400000, 0x0000000089400000| Untracked 
| 149|0x0000000089500000, 0x0000000089500000, 0x0000000089600000|  0%| F|  |TAMS 0x0000000089500000, 0x0000000089500000| Untracked 
| 150|0x0000000089600000, 0x0000000089600000, 0x0000000089700000|  0%| F|  |TAMS 0x0000000089600000, 0x0000000089600000| Untracked 
| 151|0x0000000089700000, 0x0000000089700000, 0x0000000089800000|  0%| F|  |TAMS 0x0000000089700000, 0x0000000089700000| Untracked 
| 152|0x0000000089800000, 0x0000000089800000, 0x0000000089900000|  0%| F|  |TAMS 0x0000000089800000, 0x0000000089800000| Untracked 
| 153|0x0000000089900000, 0x0000000089900000, 0x0000000089a00000|  0%| F|  |TAMS 0x0000000089900000, 0x0000000089900000| Untracked 
| 154|0x0000000089a00000, 0x0000000089a00000, 0x0000000089b00000|  0%| F|  |TAMS 0x0000000089a00000, 0x0000000089a00000| Untracked 
| 155|0x0000000089b00000, 0x0000000089b00000, 0x0000000089c00000|  0%| F|  |TAMS 0x0000000089b00000, 0x0000000089b00000| Untracked 
| 156|0x0000000089c00000, 0x0000000089c00000, 0x0000000089d00000|  0%| F|  |TAMS 0x0000000089c00000, 0x0000000089c00000| Untracked 
| 157|0x0000000089d00000, 0x0000000089d00000, 0x0000000089e00000|  0%| F|  |TAMS 0x0000000089d00000, 0x0000000089d00000| Untracked 
| 158|0x0000000089e00000, 0x0000000089e00000, 0x0000000089f00000|  0%| F|  |TAMS 0x0000000089e00000, 0x0000000089e00000| Untracked 
| 159|0x0000000089f00000, 0x0000000089f00000, 0x000000008a000000|  0%| F|  |TAMS 0x0000000089f00000, 0x0000000089f00000| Untracked 
| 160|0x000000008a000000, 0x000000008a000000, 0x000000008a100000|  0%| F|  |TAMS 0x000000008a000000, 0x000000008a000000| Untracked 
| 161|0x000000008a100000, 0x000000008a100000, 0x000000008a200000|  0%| F|  |TAMS 0x000000008a100000, 0x000000008a100000| Untracked 
| 162|0x000000008a200000, 0x000000008a200000, 0x000000008a300000|  0%| F|  |TAMS 0x000000008a200000, 0x000000008a200000| Untracked 
| 163|0x000000008a300000, 0x000000008a300000, 0x000000008a400000|  0%| F|  |TAMS 0x000000008a300000, 0x000000008a300000| Untracked 
| 164|0x000000008a400000, 0x000000008a400000, 0x000000008a500000|  0%| F|  |TAMS 0x000000008a400000, 0x000000008a400000| Untracked 
| 165|0x000000008a500000, 0x000000008a500000, 0x000000008a600000|  0%| F|  |TAMS 0x000000008a500000, 0x000000008a500000| Untracked 
| 166|0x000000008a600000, 0x000000008a600000, 0x000000008a700000|  0%| F|  |TAMS 0x000000008a600000, 0x000000008a600000| Untracked 
| 167|0x000000008a700000, 0x000000008a700000, 0x000000008a800000|  0%| F|  |TAMS 0x000000008a700000, 0x000000008a700000| Untracked 
| 168|0x000000008a800000, 0x000000008a800000, 0x000000008a900000|  0%| F|  |TAMS 0x000000008a800000, 0x000000008a800000| Untracked 
| 169|0x000000008a900000, 0x000000008a900000, 0x000000008aa00000|  0%| F|  |TAMS 0x000000008a900000, 0x000000008a900000| Untracked 
| 170|0x000000008aa00000, 0x000000008aa00000, 0x000000008ab00000|  0%| F|  |TAMS 0x000000008aa00000, 0x000000008aa00000| Untracked 
| 171|0x000000008ab00000, 0x000000008ab00000, 0x000000008ac00000|  0%| F|  |TAMS 0x000000008ab00000, 0x000000008ab00000| Untracked 
| 172|0x000000008ac00000, 0x000000008ac00000, 0x000000008ad00000|  0%| F|  |TAMS 0x000000008ac00000, 0x000000008ac00000| Untracked 
| 173|0x000000008ad00000, 0x000000008ad00000, 0x000000008ae00000|  0%| F|  |TAMS 0x000000008ad00000, 0x000000008ad00000| Untracked 
| 174|0x000000008ae00000, 0x000000008ae00000, 0x000000008af00000|  0%| F|  |TAMS 0x000000008ae00000, 0x000000008ae00000| Untracked 
| 175|0x000000008af00000, 0x000000008af00000, 0x000000008b000000|  0%| F|  |TAMS 0x000000008af00000, 0x000000008af00000| Untracked 
| 176|0x000000008b000000, 0x000000008b000000, 0x000000008b100000|  0%| F|  |TAMS 0x000000008b000000, 0x000000008b000000| Untracked 
| 177|0x000000008b100000, 0x000000008b100000, 0x000000008b200000|  0%| F|  |TAMS 0x000000008b100000, 0x000000008b100000| Untracked 
| 178|0x000000008b200000, 0x000000008b200000, 0x000000008b300000|  0%| F|  |TAMS 0x000000008b200000, 0x000000008b200000| Untracked 
| 179|0x000000008b300000, 0x000000008b300000, 0x000000008b400000|  0%| F|  |TAMS 0x000000008b300000, 0x000000008b300000| Untracked 
| 180|0x000000008b400000, 0x000000008b400000, 0x000000008b500000|  0%| F|  |TAMS 0x000000008b400000, 0x000000008b400000| Untracked 
| 181|0x000000008b500000, 0x000000008b500000, 0x000000008b600000|  0%| F|  |TAMS 0x000000008b500000, 0x000000008b500000| Untracked 
| 182|0x000000008b600000, 0x000000008b600000, 0x000000008b700000|  0%| F|  |TAMS 0x000000008b600000, 0x000000008b600000| Untracked 
| 183|0x000000008b700000, 0x000000008b700000, 0x000000008b800000|  0%| F|  |TAMS 0x000000008b700000, 0x000000008b700000| Untracked 
| 184|0x000000008b800000, 0x000000008b800000, 0x000000008b900000|  0%| F|  |TAMS 0x000000008b800000, 0x000000008b800000| Untracked 

Card table byte_map: [0x000001bf20da0000,0x000001bf211a0000] _byte_map_base: 0x000001bf209a0000

Marking Bits (Prev, Next): (CMBitMap*) 0x000001bf0c07dd38, (CMBitMap*) 0x000001bf0c07dd70
 Prev Bits: [0x000001bf215a0000, 0x000001bf235a0000)
 Next Bits: [0x000001bf235a0000, 0x000001bf255a0000)

Polling page: 0x000001bf0c120000

Metaspace:

Usage:
  Non-class:     67.14 MB capacity,    66.13 MB ( 98%) used,   847.48 KB (  1%) free+waste,   190.06 KB ( <1%) overhead. 
      Class:     10.41 MB capacity,     9.81 MB ( 94%) used,   529.02 KB (  5%) free+waste,    87.25 KB ( <1%) overhead. 
       Both:     77.55 MB capacity,    75.94 MB ( 98%) used,     1.34 MB (  2%) free+waste,   277.31 KB ( <1%) overhead. 

Virtual space:
  Non-class space:       68.00 MB reserved,      67.34 MB (>99%) committed 
      Class space:        1.00 GB reserved,      10.45 MB (  1%) committed 
             Both:        1.07 GB reserved,      77.79 MB (  7%) committed 

Chunk freelists:
   Non-Class:  14.00 KB
       Class:  25.00 KB
        Both:  39.00 KB

MaxMetaspaceSize: 17179869184.00 GB
CompressedClassSpaceSize: 1.00 GB
Initial GC threshold: 20.80 MB
Current GC threshold: 110.69 MB
CDS: off

CodeHeap 'non-profiled nmethods': size=120064Kb used=4638Kb max_used=4638Kb free=115425Kb
 bounds [0x000001bf18e30000, 0x000001bf192c0000, 0x000001bf20370000]
CodeHeap 'profiled nmethods': size=120000Kb used=16313Kb max_used=16313Kb free=103686Kb
 bounds [0x000001bf11900000, 0x000001bf128f0000, 0x000001bf18e30000]
CodeHeap 'non-nmethods': size=5696Kb used=2353Kb max_used=2409Kb free=3342Kb
 bounds [0x000001bf11370000, 0x000001bf115e0000, 0x000001bf11900000]
 total_blobs=8480 nmethods=7610 adapters=783
 compilation: enabled
              stopped_count=0, restarted_count=0
 full_count=0

Compilation events (20 events):
Event: 17.291 Thread 0x000001bf27c0a000 7627       3       java.net.URLClassLoader$2::run (16 bytes)
Event: 17.291 Thread 0x000001bf27c0a000 nmethod 7627 0x000001bf128eb110 code [0x000001bf128eb2c0, 0x000001bf128eb408]
Event: 17.291 Thread 0x000001bf27c0a000 7628       3       java.net.URLClassLoader::findResource (33 bytes)
Event: 17.292 Thread 0x000001bf27c0a000 nmethod 7628 0x000001bf128eb510 code [0x000001bf128eb720, 0x000001bf128ebc78]
Event: 17.292 Thread 0x000001bf27c0a000 7629       3       java.net.URLClassLoader$2::<init> (15 bytes)
Event: 17.292 Thread 0x000001bf27c0a000 nmethod 7629 0x000001bf128ebe10 code [0x000001bf128ebfc0, 0x000001bf128ec1d8]
Event: 17.293 Thread 0x000001bf2d5e4800 7630   !   4       java.nio.DirectIntBufferU::get (29 bytes)
Event: 17.294 Thread 0x000001bf27c09000 nmethod 7624 0x000001bf192b5b10 code [0x000001bf192b5ca0, 0x000001bf192b5f78]
Event: 17.294 Thread 0x000001bf2d5e4800 nmethod 7630 0x000001bf192b6110 code [0x000001bf192b62a0, 0x000001bf192b6358]
Event: 17.299 Thread 0x000001bf27c0a000 7631       3       sun.net.www.MessageHeader::grow (92 bytes)
Event: 17.301 Thread 0x000001bf27c0a000 nmethod 7631 0x000001bf128ec290 code [0x000001bf128ec480, 0x000001bf128eca18]
Event: 17.302 Thread 0x000001bf27c09000 7633       4       jdk.internal.jimage.BasicImageReader::getAttributes (48 bytes)
Event: 17.302 Thread 0x000001bf27c0a000 7634   !   3       jdk.internal.loader.URLClassPath::checkURL (16 bytes)
Event: 17.303 Thread 0x000001bf27c0a000 nmethod 7634 0x000001bf128ecb90 code [0x000001bf128ecd40, 0x000001bf128ecee8]
Event: 17.305 Thread 0x000001bf27c0a000 7635       3       java.lang.ModuleLayer::boot (4 bytes)
Event: 17.305 Thread 0x000001bf27c0a000 nmethod 7635 0x000001bf128ecf90 code [0x000001bf128ed140, 0x000001bf128ed238]
Event: 17.322 Thread 0x000001bf27c09000 nmethod 7633 0x000001bf192b6910 code [0x000001bf192b6ae0, 0x000001bf192b7278]
Event: 17.328 Thread 0x000001bf27c0a000 7636       3       java.security.CodeSource::getCertificates (98 bytes)
Event: 17.331 Thread 0x000001bf27c0a000 nmethod 7636 0x000001bf128ed290 code [0x000001bf128ed500, 0x000001bf128ee1c8]
Event: 17.333 Thread 0x000001bf2d5e4800 7637       4       java.lang.String::regionMatches (150 bytes)

GC Heap History (20 events):
Event: 2.938 GC heap after
{Heap after GC invocations=4 (full 0):
 garbage-first heap   total 131072K, used 16126K [0x0000000080000000, 0x0000000100000000)
  region size 1024K, 6 young (6144K), 6 survivors (6144K)
 Metaspace       used 17597K, capacity 18047K, committed 18176K, reserved 1064960K
  class space    used 2053K, capacity 2209K, committed 2304K, reserved 1048576K
}
Event: 3.331 GC heap before
{Heap before GC invocations=4 (full 0):
 garbage-first heap   total 131072K, used 45822K [0x0000000080000000, 0x0000000100000000)
  region size 1024K, 36 young (36864K), 6 survivors (6144K)
 Metaspace       used 20813K, capacity 21201K, committed 21296K, reserved 1069056K
  class space    used 2533K, capacity 2688K, committed 2688K, reserved 1048576K
}
Event: 3.342 GC heap after
{Heap after GC invocations=5 (full 0):
 garbage-first heap   total 157696K, used 17132K [0x0000000080000000, 0x0000000100000000)
  region size 1024K, 6 young (6144K), 6 survivors (6144K)
 Metaspace       used 20813K, capacity 21201K, committed 21296K, reserved 1069056K
  class space    used 2533K, capacity 2688K, committed 2688K, reserved 1048576K
}
Event: 4.344 GC heap before
{Heap before GC invocations=6 (full 0):
 garbage-first heap   total 157696K, used 75500K [0x0000000080000000, 0x0000000100000000)
  region size 1024K, 63 young (64512K), 6 survivors (6144K)
 Metaspace       used 26770K, capacity 27355K, committed 27520K, reserved 1073152K
  class space    used 3467K, capacity 3704K, committed 3712K, reserved 1048576K
}
Event: 4.355 GC heap after
{Heap after GC invocations=7 (full 0):
 garbage-first heap   total 157696K, used 19312K [0x0000000080000000, 0x0000000100000000)
  region size 1024K, 4 young (4096K), 4 survivors (4096K)
 Metaspace       used 26770K, capacity 27355K, committed 27520K, reserved 1073152K
  class space    used 3467K, capacity 3704K, committed 3712K, reserved 1048576K
}
Event: 5.581 GC heap before
{Heap before GC invocations=7 (full 0):
 garbage-first heap   total 157696K, used 77680K [0x0000000080000000, 0x0000000100000000)
  region size 1024K, 62 young (63488K), 4 survivors (4096K)
 Metaspace       used 35188K, capacity 35989K, committed 36048K, reserved 1081344K
  class space    used 4522K, capacity 4840K, committed 4864K, reserved 1048576K
}
Event: 5.596 GC heap after
{Heap after GC invocations=8 (full 0):
 garbage-first heap   total 157696K, used 22678K [0x0000000080000000, 0x0000000100000000)
  region size 1024K, 7 young (7168K), 7 survivors (7168K)
 Metaspace       used 35188K, capacity 35989K, committed 36048K, reserved 1081344K
  class space    used 4522K, capacity 4840K, committed 4864K, reserved 1048576K
}
Event: 8.065 GC heap before
{Heap before GC invocations=9 (full 0):
 garbage-first heap   total 157696K, used 111766K [0x0000000080000000, 0x0000000100000000)
  region size 1024K, 92 young (94208K), 7 survivors (7168K)
 Metaspace       used 42236K, capacity 43230K, committed 43420K, reserved 1087488K
  class space    used 5380K, capacity 5767K, committed 5836K, reserved 1048576K
}
Event: 8.096 GC heap after
{Heap after GC invocations=10 (full 0):
 garbage-first heap   total 157696K, used 28990K [0x0000000080000000, 0x0000000100000000)
  region size 1024K, 12 young (12288K), 12 survivors (12288K)
 Metaspace       used 42236K, capacity 43230K, committed 43420K, reserved 1087488K
  class space    used 5380K, capacity 5767K, committed 5836K, reserved 1048576K
}
Event: 10.518 GC heap before
{Heap before GC invocations=10 (full 0):
 garbage-first heap   total 157696K, used 111934K [0x0000000080000000, 0x0000000100000000)
  region size 1024K, 92 young (94208K), 12 survivors (12288K)
 Metaspace       used 48214K, capacity 49386K, committed 49564K, reserved 1091584K
  class space    used 6112K, capacity 6562K, committed 6604K, reserved 1048576K
}
Event: 10.541 GC heap after
{Heap after GC invocations=11 (full 0):
 garbage-first heap   total 189440K, used 31429K [0x0000000080000000, 0x0000000100000000)
  region size 1024K, 9 young (9216K), 9 survivors (9216K)
 Metaspace       used 48214K, capacity 49386K, committed 49564K, reserved 1091584K
  class space    used 6112K, capacity 6562K, committed 6604K, reserved 1048576K
}
Event: 12.436 GC heap before
{Heap before GC invocations=11 (full 0):
 garbage-first heap   total 189440K, used 145093K [0x0000000080000000, 0x0000000100000000)
  region size 1024K, 111 young (113664K), 9 survivors (9216K)
 Metaspace       used 57640K, capacity 59035K, committed 59292K, reserved 1101824K
  class space    used 7257K, capacity 7794K, committed 7884K, reserved 1048576K
}
Event: 12.458 GC heap after
{Heap after GC invocations=12 (full 0):
 garbage-first heap   total 189440K, used 51606K [0x0000000080000000, 0x0000000100000000)
  region size 1024K, 14 young (14336K), 14 survivors (14336K)
 Metaspace       used 57640K, capacity 59035K, committed 59292K, reserved 1101824K
  class space    used 7257K, capacity 7794K, committed 7884K, reserved 1048576K
}
Event: 12.670 GC heap before
{Heap before GC invocations=12 (full 0):
 garbage-first heap   total 189440K, used 59798K [0x0000000080000000, 0x0000000100000000)
  region size 1024K, 23 young (23552K), 14 survivors (14336K)
 Metaspace       used 59160K, capacity 60516K, committed 60636K, reserved 1101824K
  class space    used 7465K, capacity 7969K, committed 8012K, reserved 1048576K
}
Event: 12.692 GC heap after
{Heap after GC invocations=13 (full 0):
 garbage-first heap   total 189440K, used 52895K [0x0000000080000000, 0x0000000100000000)
  region size 1024K, 2 young (2048K), 2 survivors (2048K)
 Metaspace       used 59160K, capacity 60516K, committed 60636K, reserved 1101824K
  class space    used 7465K, capacity 7969K, committed 8012K, reserved 1048576K
}
Event: 14.225 GC heap before
{Heap before GC invocations=14 (full 0):
 garbage-first heap   total 189440K, used 141983K [0x0000000080000000, 0x0000000100000000)
  region size 1024K, 82 young (83968K), 2 survivors (2048K)
 Metaspace       used 65733K, capacity 67285K, committed 67368K, reserved 1107968K
  class space    used 8308K, capacity 8866K, committed 8908K, reserved 1048576K
}
Event: 14.242 GC heap after
{Heap after GC invocations=15 (full 0):
 garbage-first heap   total 189440K, used 57773K [0x0000000080000000, 0x0000000100000000)
  region size 1024K, 7 young (7168K), 7 survivors (7168K)
 Metaspace       used 65733K, capacity 67285K, committed 67368K, reserved 1107968K
  class space    used 8308K, capacity 8866K, committed 8908K, reserved 1048576K
}
Event: 15.532 GC heap before
{Heap before GC invocations=16 (full 0):
 garbage-first heap   total 189440K, used 138669K [0x0000000080000000, 0x0000000100000000)
  region size 1024K, 86 young (88064K), 7 survivors (7168K)
 Metaspace       used 69776K, capacity 71368K, committed 71592K, reserved 1112064K
  class space    used 8811K, capacity 9434K, committed 9548K, reserved 1048576K
}
Event: 15.555 GC heap after
{Heap after GC invocations=17 (full 0):
 garbage-first heap   total 189440K, used 63615K [0x0000000080000000, 0x0000000100000000)
  region size 1024K, 6 young (6144K), 6 survivors (6144K)
 Metaspace       used 69776K, capacity 71368K, committed 71592K, reserved 1112064K
  class space    used 8811K, capacity 9434K, committed 9548K, reserved 1048576K
}
Event: 17.333 GC heap before
{Heap before GC invocations=17 (full 0):
 garbage-first heap   total 189440K, used 143487K [0x0000000080000000, 0x0000000100000000)
  region size 1024K, 84 young (86016K), 6 survivors (6144K)
 Metaspace       used 77759K, capacity 79413K, committed 79656K, reserved 1118208K
  class space    used 10046K, capacity 10663K, committed 10700K, reserved 1048576K
}

Deoptimization events (20 events):
Event: 16.981 Thread 0x000001bf286c2000 Uncommon trap: trap_request=0xffffff4d fr.pc=0x000001bf1913f074 relative=0x0000000000002794
Event: 16.981 Thread 0x000001bf286c2000 Uncommon trap: reason=unstable_if action=reinterpret pc=0x000001bf1913f074 method=java.util.HashMap.getNode(ILjava/lang/Object;)Ljava/util/HashMap$Node; @ 84 c2
Event: 16.981 Thread 0x000001bf286c2000 DEOPT PACKING pc=0x000001bf1913f074 sp=0x00000030aaef8a40
Event: 16.981 Thread 0x000001bf286c2000 DEOPT UNPACKING pc=0x000001bf113ba1af sp=0x00000030aaef8938 mode 2
Event: 16.981 Thread 0x000001bf286c2000 Uncommon trap: trap_request=0xffffff4d fr.pc=0x000001bf191cf8bc relative=0x000000000000027c
Event: 16.981 Thread 0x000001bf286c2000 Uncommon trap: reason=unstable_if action=reinterpret pc=0x000001bf191cf8bc method=java.util.HashMap.getNode(ILjava/lang/Object;)Ljava/util/HashMap$Node; @ 84 c2
Event: 16.981 Thread 0x000001bf286c2000 DEOPT PACKING pc=0x000001bf191cf8bc sp=0x00000030aaef8a00
Event: 16.981 Thread 0x000001bf286c2000 DEOPT UNPACKING pc=0x000001bf113ba1af sp=0x00000030aaef8920 mode 2
Event: 16.981 Thread 0x000001bf286c2000 Uncommon trap: trap_request=0xffffff4d fr.pc=0x000001bf1907d268 relative=0x00000000000001a8
Event: 16.981 Thread 0x000001bf286c2000 Uncommon trap: reason=unstable_if action=reinterpret pc=0x000001bf1907d268 method=java.util.HashMap.getNode(ILjava/lang/Object;)Ljava/util/HashMap$Node; @ 84 c2
Event: 16.981 Thread 0x000001bf286c2000 DEOPT PACKING pc=0x000001bf1907d268 sp=0x00000030aaef89a0
Event: 16.981 Thread 0x000001bf286c2000 DEOPT UNPACKING pc=0x000001bf113ba1af sp=0x00000030aaef8928 mode 2
Event: 17.068 Thread 0x000001bf286c2000 DEOPT PACKING pc=0x000001bf1276c8ba sp=0x00000030aaef8e60
Event: 17.068 Thread 0x000001bf286c2000 DEOPT UNPACKING pc=0x000001bf113ba95e sp=0x00000030aaef83a8 mode 0
Event: 17.195 Thread 0x000001bf286c2000 DEOPT PACKING pc=0x000001bf11da6091 sp=0x00000030aaef9300
Event: 17.196 Thread 0x000001bf286c2000 DEOPT UNPACKING pc=0x000001bf113ba95e sp=0x00000030aaef87d8 mode 0
Event: 17.262 Thread 0x000001bf286c2000 Uncommon trap: trap_request=0xffffff4d fr.pc=0x000001bf190e9444 relative=0x0000000000001d44
Event: 17.262 Thread 0x000001bf286c2000 Uncommon trap: reason=unstable_if action=reinterpret pc=0x000001bf190e9444 method=sun.nio.fs.WindowsPathParser.normalize(Ljava/lang/StringBuilder;Ljava/lang/String;I)Ljava/lang/String; @ 172 c2
Event: 17.262 Thread 0x000001bf286c2000 DEOPT PACKING pc=0x000001bf190e9444 sp=0x00000030aaef8870
Event: 17.262 Thread 0x000001bf286c2000 DEOPT UNPACKING pc=0x000001bf113ba1af sp=0x00000030aaef8840 mode 2

Classes redefined (0 events):
No events

Internal exceptions (20 events):
Event: 15.180 Thread 0x000001bf286c2000 Exception <a 'java/lang/ClassNotFoundException'{0x0000000087af57c8}: org/jetbrains/kotlin/gradle/dsl/KotlinJvmOptionsImplBeanInfo> (0x0000000087af57c8) thrown at [./src/hotspot/share/classfile/systemDictionary.cpp, line 231]
Event: 15.182 Thread 0x000001bf286c2000 Exception <a 'java/lang/ClassNotFoundException'{0x0000000087913eb0}: org/jetbrains/kotlin/gradle/dsl/KotlinJvmOptionsBaseBeanInfo> (0x0000000087913eb0) thrown at [./src/hotspot/share/classfile/systemDictionary.cpp, line 231]
Event: 15.183 Thread 0x000001bf286c2000 Exception <a 'java/lang/ClassNotFoundException'{0x0000000087932478}: org/jetbrains/kotlin/gradle/dsl/KotlinJvmOptionsBaseCustomizer> (0x0000000087932478) thrown at [./src/hotspot/share/classfile/systemDictionary.cpp, line 231]
Event: 15.185 Thread 0x000001bf286c2000 Exception <a 'java/lang/ClassNotFoundException'{0x0000000087962650}: org/jetbrains/kotlin/gradle/dsl/KotlinJvmOptionsImplCustomizer> (0x0000000087962650) thrown at [./src/hotspot/share/classfile/systemDictionary.cpp, line 231]
Event: 15.193 Thread 0x000001bf286c2000 Exception <a 'java/lang/ClassNotFoundException'{0x0000000087811790}: org/gradle/api/internal/artifacts/dsl/dependencies/DefaultDependencyHandler_DecoratedBeanInfo> (0x0000000087811790) thrown at [./src/hotspot/share/classfile/systemDictionary.cpp, line 231]
Event: 15.194 Thread 0x000001bf286c2000 Exception <a 'java/lang/ClassNotFoundException'{0x00000000878632e0}: org/gradle/api/internal/artifacts/dsl/dependencies/DefaultDependencyHandlerBeanInfo> (0x00000000878632e0) thrown at [./src/hotspot/share/classfile/systemDictionary.cpp, line 231]
Event: 15.195 Thread 0x000001bf286c2000 Exception <a 'java/lang/ClassNotFoundException'{0x00000000878b5280}: org/gradle/api/internal/artifacts/dsl/dependencies/DefaultDependencyHandlerCustomizer> (0x00000000878b5280) thrown at [./src/hotspot/share/classfile/systemDictionary.cpp, line 231]
Event: 15.199 Thread 0x000001bf286c2000 Exception <a 'java/lang/ClassNotFoundException'{0x0000000087731980}: org/gradle/api/internal/artifacts/dsl/dependencies/DefaultDependencyHandler_DecoratedCustomizer> (0x0000000087731980) thrown at [./src/hotspot/share/classfile/systemDictionary.cpp, line 231]
Event: 16.333 Thread 0x000001bf286c2000 Exception <a 'java/lang/ClassNotFoundException'{0x00000000898f6ec0}: com/android/build/gradle/internal/api/ApkVariantOutputImpl_DecoratedBeanInfo> (0x00000000898f6ec0) thrown at [./src/hotspot/share/classfile/systemDictionary.cpp, line 231]
Event: 16.333 Thread 0x000001bf286c2000 Exception <a 'java/lang/ClassNotFoundException'{0x0000000089714d08}: com/android/build/gradle/internal/api/ApkVariantOutputImplBeanInfo> (0x0000000089714d08) thrown at [./src/hotspot/share/classfile/systemDictionary.cpp, line 231]
Event: 16.334 Thread 0x000001bf286c2000 Exception <a 'java/lang/ClassNotFoundException'{0x0000000089732f18}: com/android/build/gradle/internal/api/BaseVariantOutputImplBeanInfo> (0x0000000089732f18) thrown at [./src/hotspot/share/classfile/systemDictionary.cpp, line 231]
Event: 16.335 Thread 0x000001bf286c2000 Exception <a 'java/lang/ClassNotFoundException'{0x00000000897511b0}: com/android/build/gradle/internal/api/BaseVariantOutputImplCustomizer> (0x00000000897511b0) thrown at [./src/hotspot/share/classfile/systemDictionary.cpp, line 231]
Event: 16.336 Thread 0x000001bf286c2000 Exception <a 'java/lang/ClassNotFoundException'{0x0000000089781d40}: com/android/build/gradle/internal/api/ApkVariantOutputImplCustomizer> (0x0000000089781d40) thrown at [./src/hotspot/share/classfile/systemDictionary.cpp, line 231]
Event: 16.338 Thread 0x000001bf286c2000 Exception <a 'java/lang/ClassNotFoundException'{0x00000000897aef10}: com/android/build/gradle/internal/api/ApkVariantOutputImpl_DecoratedCustomizer> (0x00000000897aef10) thrown at [./src/hotspot/share/classfile/systemDictionary.cpp, line 231]
Event: 16.411 Thread 0x000001bf286c2000 Exception <a 'java/lang/ClassNotFoundException'{0x000000008936aff8}: com/android/build/gradle/internal/api/ReadOnlyBuildTypeBeanInfo> (0x000000008936aff8) thrown at [./src/hotspot/share/classfile/systemDictionary.cpp, line 231]
Event: 16.411 Thread 0x000001bf286c2000 Exception <a 'java/lang/ClassNotFoundException'{0x0000000089389530}: com/android/build/gradle/internal/api/ReadOnlyBaseConfigBeanInfo> (0x0000000089389530) thrown at [./src/hotspot/share/classfile/systemDictionary.cpp, line 231]
Event: 16.412 Thread 0x000001bf286c2000 Exception <a 'java/lang/ClassNotFoundException'{0x00000000893a7e48}: com/android/build/gradle/internal/api/ReadOnlyBaseConfigCustomizer> (0x00000000893a7e48) thrown at [./src/hotspot/share/classfile/systemDictionary.cpp, line 231]
Event: 16.413 Thread 0x000001bf286c2000 Exception <a 'java/lang/ClassNotFoundException'{0x00000000893d5868}: com/android/build/gradle/internal/api/ReadOnlyBuildTypeCustomizer> (0x00000000893d5868) thrown at [./src/hotspot/share/classfile/systemDictionary.cpp, line 231]
Event: 16.632 Thread 0x000001bf286c2000 Implicit null exception at 0x000001bf1927c10b to 0x000001bf1927c9a3
Event: 17.212 Thread 0x000001bf286c2000 Exception <a 'sun/nio/fs/WindowsException'{0x000000008748c368}> (0x000000008748c368) thrown at [./src/hotspot/share/prims/jni.cpp, line 616]

Events (20 events):
Event: 17.327 loading class com/sun/xml/bind/v2/util/QNameMap$Entry done
Event: 17.327 loading class com/sun/xml/bind/v2/runtime/JAXBContextImpl$1
Event: 17.327 loading class com/sun/xml/bind/v2/runtime/JAXBContextImpl$1 done
Event: 17.328 loading class com/sun/istack/Pool$Impl
Event: 17.328 loading class com/sun/istack/Pool$Impl done
Event: 17.328 loading class com/sun/xml/bind/v2/runtime/JAXBContextImpl$2
Event: 17.328 loading class com/sun/xml/bind/v2/runtime/JAXBContextImpl$2 done
Event: 17.329 loading class com/sun/xml/bind/v2/runtime/NameBuilder
Event: 17.329 loading class com/sun/xml/bind/v2/runtime/NameBuilder done
Event: 17.331 loading class com/sun/xml/bind/v2/model/impl/RuntimeModelBuilder
Event: 17.331 loading class com/sun/xml/bind/v2/model/impl/RuntimeModelBuilder done
Event: 17.332 loading class com/sun/xml/bind/v2/model/impl/ModelBuilder
Event: 17.332 loading class com/sun/xml/bind/v2/model/impl/ModelBuilder done
Event: 17.332 loading class com/sun/xml/bind/v2/model/impl/ModelBuilderI
Event: 17.332 loading class com/sun/xml/bind/v2/model/impl/ModelBuilderI done
Event: 17.333 loading class com/sun/xml/bind/v2/model/core/RegistryInfo
Event: 17.333 loading class com/sun/xml/bind/v2/model/core/RegistryInfo done
Event: 17.333 loading class com/sun/xml/bind/v2/model/impl/TypeInfoSetImpl
Event: 17.333 loading class com/sun/xml/bind/v2/model/impl/TypeInfoSetImpl done
Event: 17.333 Executing VM operation: G1CollectForAllocation


Dynamic libraries:
0x00007ff7577d0000 - 0x00007ff7577da000 	C:\Program Files\Android\Android Studio\jre\bin\java.exe
0x00007ff893910000 - 0x00007ff893b08000 	C:\WINDOWS\SYSTEM32\ntdll.dll
0x00007ff892cd0000 - 0x00007ff892d8d000 	C:\WINDOWS\System32\KERNEL32.DLL
0x00007ff891690000 - 0x00007ff891962000 	C:\WINDOWS\System32\KERNELBASE.dll
0x00007ff891230000 - 0x00007ff891330000 	C:\WINDOWS\System32\ucrtbase.dll
0x00007ff88caa0000 - 0x00007ff88cab9000 	C:\Program Files\Android\Android Studio\jre\bin\jli.dll
0x00007ff88c370000 - 0x00007ff88c387000 	C:\Program Files\Android\Android Studio\jre\bin\VCRUNTIME140.dll
0x00007ff892330000 - 0x00007ff8924cd000 	C:\WINDOWS\System32\USER32.dll
0x00007ff8915c0000 - 0x00007ff8915e2000 	C:\WINDOWS\System32\win32u.dll
0x00007ff8930d0000 - 0x00007ff8930fb000 	C:\WINDOWS\System32\GDI32.dll
0x00007ff87c0d0000 - 0x00007ff87c36a000 	C:\WINDOWS\WinSxS\amd64_microsoft.windows.common-controls_6595b64144ccf1df_6.0.19041.1110_none_60b5254171f9507e\COMCTL32.dll
0x00007ff8910b0000 - 0x00007ff8911bf000 	C:\WINDOWS\System32\gdi32full.dll
0x00007ff891ce0000 - 0x00007ff891d7e000 	C:\WINDOWS\System32\msvcrt.dll
0x00007ff8915f0000 - 0x00007ff89168d000 	C:\WINDOWS\System32\msvcp_win.dll
0x00007ff891cb0000 - 0x00007ff891ce0000 	C:\WINDOWS\System32\IMM32.DLL
0x00007ff86a100000 - 0x00007ff86a19d000 	C:\Program Files\Android\Android Studio\jre\bin\msvcp140.dll
0x00007ff853ef0000 - 0x00007ff8549f2000 	C:\Program Files\Android\Android Studio\jre\bin\server\jvm.dll
0x00007ff893820000 - 0x00007ff8938ce000 	C:\WINDOWS\System32\ADVAPI32.dll
0x00007ff893420000 - 0x00007ff8934bc000 	C:\WINDOWS\System32\sechost.dll
0x00007ff891d80000 - 0x00007ff891ea5000 	C:\WINDOWS\System32\RPCRT4.dll
0x00007ff891eb0000 - 0x00007ff891eb8000 	C:\WINDOWS\System32\PSAPI.DLL
0x00007ff88b3a0000 - 0x00007ff88b3aa000 	C:\WINDOWS\SYSTEM32\VERSION.dll
0x00007ff88ca70000 - 0x00007ff88ca79000 	C:\WINDOWS\SYSTEM32\WSOCK32.dll
0x00007ff8877d0000 - 0x00007ff8877f7000 	C:\WINDOWS\SYSTEM32\WINMM.dll
0x00007ff893220000 - 0x00007ff89328b000 	C:\WINDOWS\System32\WS2_32.dll
0x00007ff88ef00000 - 0x00007ff88ef12000 	C:\WINDOWS\SYSTEM32\kernel.appcore.dll
0x00007ff8888d0000 - 0x00007ff8888e1000 	C:\Program Files\Android\Android Studio\jre\bin\verify.dll
0x00007ff87f5c0000 - 0x00007ff87f7a4000 	C:\WINDOWS\SYSTEM32\DBGHELP.DLL
0x00007ff879a90000 - 0x00007ff879abc000 	C:\WINDOWS\SYSTEM32\dbgcore.DLL
0x00007ff891020000 - 0x00007ff8910a2000 	C:\WINDOWS\System32\bcryptPrimitives.dll
0x00007ff8883f0000 - 0x00007ff888419000 	C:\Program Files\Android\Android Studio\jre\bin\java.dll
0x00007ff888980000 - 0x00007ff88898b000 	C:\Program Files\Android\Android Studio\jre\bin\jimage.dll
0x00007ff8871b0000 - 0x00007ff8871c8000 	C:\Program Files\Android\Android Studio\jre\bin\zip.dll
0x00007ff892580000 - 0x00007ff892cc3000 	C:\WINDOWS\System32\SHELL32.dll
0x00007ff88f100000 - 0x00007ff88f891000 	C:\WINDOWS\SYSTEM32\windows.storage.dll
0x00007ff8934c0000 - 0x00007ff893814000 	C:\WINDOWS\System32\combase.dll
0x00007ff890a80000 - 0x00007ff890ab0000 	C:\WINDOWS\SYSTEM32\Wldp.dll
0x00007ff892e70000 - 0x00007ff892f1d000 	C:\WINDOWS\System32\SHCORE.dll
0x00007ff891bf0000 - 0x00007ff891c45000 	C:\WINDOWS\System32\shlwapi.dll
0x00007ff890f60000 - 0x00007ff890f7f000 	C:\WINDOWS\SYSTEM32\profapi.dll
0x00007ff886cc0000 - 0x00007ff886cda000 	C:\Program Files\Android\Android Studio\jre\bin\net.dll
0x00007ff889950000 - 0x00007ff889a5d000 	C:\WINDOWS\SYSTEM32\WINHTTP.dll
0x00007ff890770000 - 0x00007ff8907da000 	C:\WINDOWS\system32\mswsock.dll
0x00007ff886ca0000 - 0x00007ff886cb4000 	C:\Program Files\Android\Android Studio\jre\bin\nio.dll
0x00007ff876a50000 - 0x00007ff876a77000 	C:\Users\palam\.gradle\native\e1d6ef7f7dcc3fd88c89a11ec53ec762bb8ba0a96d01ffa2cd45eb1d1d8dd5c5\windows-amd64\native-platform.dll
0x00007ff85bfa0000 - 0x00007ff85c0e4000 	C:\Users\palam\.gradle\native\0d407fdbe67a94daf76414ababcb853783967236a71b16ec16e742cd7a986fd3\windows-amd64\native-platform-file-events.dll
0x00007ff885200000 - 0x00007ff88520a000 	C:\Program Files\Android\Android Studio\jre\bin\management.dll
0x00007ff8851f0000 - 0x00007ff8851fd000 	C:\Program Files\Android\Android Studio\jre\bin\management_ext.dll
0x00007ff890990000 - 0x00007ff8909a8000 	C:\WINDOWS\SYSTEM32\CRYPTSP.dll
0x00007ff890020000 - 0x00007ff890054000 	C:\WINDOWS\system32\rsaenh.dll
0x00007ff891330000 - 0x00007ff891357000 	C:\WINDOWS\System32\bcrypt.dll
0x00007ff890f20000 - 0x00007ff890f4e000 	C:\WINDOWS\SYSTEM32\USERENV.dll
0x00007ff890980000 - 0x00007ff89098c000 	C:\WINDOWS\SYSTEM32\CRYPTBASE.dll
0x00007ff8903f0000 - 0x00007ff89042b000 	C:\WINDOWS\SYSTEM32\IPHLPAPI.DLL
0x00007ff891970000 - 0x00007ff891978000 	C:\WINDOWS\System32\NSI.dll
0x00007ff88b3b0000 - 0x00007ff88b3c7000 	C:\WINDOWS\SYSTEM32\dhcpcsvc6.DLL
0x00007ff88b1b0000 - 0x00007ff88b1cd000 	C:\WINDOWS\SYSTEM32\dhcpcsvc.DLL
0x00007ff890430000 - 0x00007ff8904fa000 	C:\WINDOWS\SYSTEM32\DNSAPI.dll

dbghelp: loaded successfully - version: 4.0.5 - missing functions: none
symbol engine: initialized successfully - sym options: 0x614 - pdb path: .;C:\Program Files\Android\Android Studio\jre\bin;C:\WINDOWS\SYSTEM32;C:\WINDOWS\WinSxS\amd64_microsoft.windows.common-controls_6595b64144ccf1df_6.0.19041.1110_none_60b5254171f9507e;C:\Program Files\Android\Android Studio\jre\bin\server;C:\Users\palam\.gradle\native\e1d6ef7f7dcc3fd88c89a11ec53ec762bb8ba0a96d01ffa2cd45eb1d1d8dd5c5\windows-amd64;C:\Users\palam\.gradle\native\0d407fdbe67a94daf76414ababcb853783967236a71b16ec16e742cd7a986fd3\windows-amd64

VM Arguments:
jvm_args: --add-opens=java.base/java.util=ALL-UNNAMED --add-opens=java.base/java.lang=ALL-UNNAMED --add-opens=java.base/java.lang.invoke=ALL-UNNAMED --add-opens=java.base/java.util=ALL-UNNAMED --add-opens=java.prefs/java.util.prefs=ALL-UNNAMED --add-opens=java.prefs/java.util.prefs=ALL-UNNAMED --add-opens=java.base/java.nio.charset=ALL-UNNAMED --add-opens=java.base/java.net=ALL-UNNAMED --add-opens=java.base/java.util.concurrent.atomic=ALL-UNNAMED -Xmx2048m -Dfile.encoding=UTF-8 -Duser.country=US -Duser.language=en -Duser.variant 
java_command: org.gradle.launcher.daemon.bootstrap.GradleDaemon 7.4
java_class_path (initial): C:\Users\palam\.gradle\wrapper\dists\gradle-7.4-bin\c0gwcg53nkjbqw7r0h0umtfvt\gradle-7.4\lib\gradle-launcher-7.4.jar
Launcher Type: SUN_STANDARD

[Global flags]
     intx CICompilerCount                          = 3                                         {product} {ergonomic}
     uint ConcGCThreads                            = 1                                         {product} {ergonomic}
     uint G1ConcRefinementThreads                  = 4                                         {product} {ergonomic}
   size_t G1HeapRegionSize                         = 1048576                                   {product} {ergonomic}
    uintx GCDrainStackTargetSize                   = 64                                        {product} {ergonomic}
   size_t InitialHeapSize                          = 134217728                                 {product} {ergonomic}
   size_t MarkStackSize                            = 4194304                                   {product} {ergonomic}
   size_t MaxHeapSize                              = 2147483648                                {product} {command line}
   size_t MaxNewSize                               = 1287651328                                {product} {ergonomic}
   size_t MinHeapDeltaBytes                        = 1048576                                   {product} {ergonomic}
    uintx NonNMethodCodeHeapSize                   = 5830732                                {pd product} {ergonomic}
    uintx NonProfiledCodeHeapSize                  = 122913754                              {pd product} {ergonomic}
    uintx ProfiledCodeHeapSize                     = 122913754                              {pd product} {ergonomic}
    uintx ReservedCodeCacheSize                    = 251658240                              {pd product} {ergonomic}
     bool SegmentedCodeCache                       = true                                      {product} {ergonomic}
     bool UseCompressedClassPointers               = true                                 {lp64_product} {ergonomic}
     bool UseCompressedOops                        = true                                 {lp64_product} {ergonomic}
     bool UseG1GC                                  = true                                      {product} {ergonomic}
     bool UseLargePagesIndividualAllocation        = false                                  {pd product} {ergonomic}

Logging:
Log output configuration:
 #0: stdout all=warning uptime,level,tags
 #1: stderr all=off uptime,level,tags

Environment Variables:
PATH=C:\Users\palam\AppData\Local\Yandex\YandexBrowser\Application;C:\Program Files (x86)\Common Files\Oracle\Java\javapath;C:\WINDOWS\system32;C:\WINDOWS;C:\WINDOWS\System32\Wbem;C:\WINDOWS\System32\WindowsPowerShell\v1.0\;C:\WINDOWS\System32\OpenSSH\;C:\Program Files (x86)\NVIDIA Corporation\PhysX\Common;C:\Program Files\Git\cmd;C:\Users\palam\AppData\Local\Microsoft\WindowsApps;C:\Users\palam\AppData\Local\GitHubDesktop\bin;F:\Prorgramms\Microsoft VS Code\bin
USERNAME=CyberPalamar
OS=Windows_NT
PROCESSOR_IDENTIFIER=AMD64 Family 21 Model 19 Stepping 1, AuthenticAMD



---------------  S Y S T E M  ---------------

OS: Windows 10 , 64 bit Build 19041 (10.0.19041.1889)
OS uptime: 0 days 1:48 hours

CPU:total 4 (initial active 4) (4 cores per cpu, 1 threads per core) family 21 model 19 stepping 1 microcode 0x0, cmov, cx8, fxsr, mmx, sse, sse2, sse3, ssse3, sse4.1, sse4.2, popcnt, avx, aes, clmul, mmxext, 3dnowpref, lzcnt, sse4a, tsc, tscinvbit, tscinv, bmi1, fma

Memory: 4k page, system-wide physical 8150M (1646M free)
TotalPageFile size 8150M (AvailPageFile size 30M)
current process WorkingSet (physical memory assigned to process): 412M, peak: 416M
current process commit charge ("private bytes"): 444M, peak: 481M

vm_info: OpenJDK 64-Bit Server VM (11.0.13+0-b1751.21-8125866) for windows-amd64 JRE (11.0.13+0-b1751.21-8125866), built on Feb  2 2022 03:00:22 by "builder" with MS VC++ 14.0 (VS2015)

END.
